2020-10-16 12:49:43,892 DEBUG    root            No implementation for release track [GA] for element: [/Users/colmlang/google-cloud-sdk/lib/surface/error_reporting]
2020-10-16 12:49:43,893 DEBUG    root            Loaded Command Group: ['gcloud', 'source']
2020-10-16 12:49:43,896 DEBUG    root            No implementation for release track [GA] for element: [/Users/colmlang/google-cloud-sdk/lib/surface/resource_settings]
2020-10-16 12:49:43,899 DEBUG    root            Loaded Command Group: ['gcloud', 'builds']
2020-10-16 12:49:43,903 DEBUG    root            Loaded Command Group: ['gcloud', 'version']
2020-10-16 12:49:43,905 DEBUG    root            Loaded Command Group: ['gcloud', 'dataproc']
2020-10-16 12:49:43,909 DEBUG    root            Loaded Command Group: ['gcloud', 'composer']
2020-10-16 12:49:43,911 DEBUG    root            Loaded Command Group: ['gcloud', 'iot']
2020-10-16 12:49:43,921 DEBUG    root            Loaded Command Group: ['gcloud', 'container']
2020-10-16 12:49:43,924 DEBUG    root            No implementation for release track [GA] for element: [/Users/colmlang/google-cloud-sdk/lib/surface/network_connectivity]
2020-10-16 12:49:43,925 DEBUG    root            Loaded Command Group: ['gcloud', 'dataflow']
2020-10-16 12:49:43,929 DEBUG    root            Loaded Command Group: ['gcloud', 'docker']
2020-10-16 12:49:43,931 DEBUG    root            Loaded Command Group: ['gcloud', 'datastore']
2020-10-16 12:49:43,938 DEBUG    root            Loaded Command Group: ['gcloud', 'projects']
2020-10-16 12:49:43,940 DEBUG    root            Loaded Command Group: ['gcloud', 'data_catalog']
2020-10-16 12:49:43,943 DEBUG    root            Loaded Command Group: ['gcloud', 'config']
2020-10-16 12:49:43,945 DEBUG    root            No implementation for release track [GA] for element: [/Users/colmlang/google-cloud-sdk/lib/surface/cloud_shell]
2020-10-16 12:49:43,946 DEBUG    root            No implementation for release track [GA] for element: [/Users/colmlang/google-cloud-sdk/lib/surface/artifacts]
2020-10-16 12:49:43,965 DEBUG    root            Loaded Command Group: ['gcloud', 'ml_engine']
2020-10-16 12:49:43,972 DEBUG    root            Loaded Command Group: ['gcloud', 'init']
2020-10-16 12:49:43,974 DEBUG    root            Loaded Command Group: ['gcloud', 'cheat_sheet']
2020-10-16 12:49:43,978 DEBUG    root            Loaded Command Group: ['gcloud', 'info']
2020-10-16 12:49:43,980 DEBUG    root            Loaded Command Group: ['gcloud', 'components']
2020-10-16 12:49:44,005 DEBUG    root            Loaded Command Group: ['gcloud', 'run']
2020-10-16 12:49:44,009 DEBUG    root            Loaded Command Group: ['gcloud', 'bigtable']
2020-10-16 12:49:44,011 DEBUG    root            No implementation for release track [GA] for element: [/Users/colmlang/google-cloud-sdk/lib/surface/commerce_procurement]
2020-10-16 12:49:44,012 DEBUG    root            No implementation for release track [GA] for element: [/Users/colmlang/google-cloud-sdk/lib/surface/admin_service_cluster]
2020-10-16 12:49:44,014 DEBUG    root            No implementation for release track [GA] for element: [/Users/colmlang/google-cloud-sdk/lib/surface/kuberun]
2020-10-16 12:49:44,015 DEBUG    root            Loaded Command Group: ['gcloud', 'logging']
2020-10-16 12:49:44,017 DEBUG    root            Loaded Command Group: ['gcloud', 'resource_manager']
2020-10-16 12:49:44,020 DEBUG    root            Loaded Command Group: ['gcloud', 'filestore']
2020-10-16 12:49:44,027 DEBUG    root            Loaded Command Group: ['gcloud', 'survey']
2020-10-16 12:49:44,028 DEBUG    root            No implementation for release track [GA] for element: [/Users/colmlang/google-cloud-sdk/lib/surface/emulators]
2020-10-16 12:49:44,029 DEBUG    root            Loaded Command Group: ['gcloud', 'policy_troubleshoot']
2020-10-16 12:49:44,031 DEBUG    root            No implementation for release track [GA] for element: [/Users/colmlang/google-cloud-sdk/lib/surface/notebooks]
2020-10-16 12:49:44,032 DEBUG    root            No implementation for release track [GA] for element: [/Users/colmlang/google-cloud-sdk/lib/surface/dlp]
2020-10-16 12:49:44,033 DEBUG    root            Loaded Command Group: ['gcloud', 'game']
2020-10-16 12:49:44,036 DEBUG    root            No implementation for release track [GA] for element: [/Users/colmlang/google-cloud-sdk/lib/surface/recaptcha]
2020-10-16 12:49:44,036 DEBUG    root            Loaded Command Group: ['gcloud', 'redis']
2020-10-16 12:49:44,038 DEBUG    root            Loaded Command Group: ['gcloud', 'monitoring']
2020-10-16 12:49:44,040 DEBUG    root            Loaded Command Group: ['gcloud', 'meta']
2020-10-16 12:49:44,044 DEBUG    root            No implementation for release track [GA] for element: [/Users/colmlang/google-cloud-sdk/lib/surface/service_directory]
2020-10-16 12:49:44,045 DEBUG    root            No implementation for release track [GA] for element: [/Users/colmlang/google-cloud-sdk/lib/surface/metastore]
2020-10-16 12:49:44,047 DEBUG    root            Loaded Command Group: ['gcloud', 'debug']
2020-10-16 12:49:44,049 DEBUG    root            No implementation for release track [GA] for element: [/Users/colmlang/google-cloud-sdk/lib/surface/genomics]
2020-10-16 12:49:44,050 DEBUG    root            Loaded Command Group: ['gcloud', 'deployment_manager']
2020-10-16 12:49:44,053 DEBUG    root            Loaded Command Group: ['gcloud', 'sql']
2020-10-16 12:49:44,056 DEBUG    root            No implementation for release track [GA] for element: [/Users/colmlang/google-cloud-sdk/lib/surface/workflows]
2020-10-16 12:49:44,057 DEBUG    root            Loaded Command Group: ['gcloud', 'apigee']
2020-10-16 12:49:44,060 DEBUG    root            No implementation for release track [GA] for element: [/Users/colmlang/google-cloud-sdk/lib/surface/dialogflow]
2020-10-16 12:49:44,061 DEBUG    root            No implementation for release track [GA] for element: [/Users/colmlang/google-cloud-sdk/lib/surface/assured]
2020-10-16 12:49:44,062 DEBUG    root            No implementation for release track [GA] for element: [/Users/colmlang/google-cloud-sdk/lib/surface/bq]
2020-10-16 12:49:44,063 DEBUG    root            Loaded Command Group: ['gcloud', 'network_management']
2020-10-16 12:49:44,065 DEBUG    root            Loaded Command Group: ['gcloud', 'active_directory']
2020-10-16 12:49:44,066 DEBUG    root            No implementation for release track [GA] for element: [/Users/colmlang/google-cloud-sdk/lib/surface/web_security_scanner]
2020-10-16 12:49:44,069 DEBUG    root            Loaded Command Group: ['gcloud', 'functions']
2020-10-16 12:49:44,071 DEBUG    root            No implementation for release track [GA] for element: [/Users/colmlang/google-cloud-sdk/lib/surface/trace]
2020-10-16 12:49:44,072 DEBUG    root            No implementation for release track [GA] for element: [/Users/colmlang/google-cloud-sdk/lib/surface/org_policies]
2020-10-16 12:49:44,073 DEBUG    root            Loaded Command Group: ['gcloud', 'dns']
2020-10-16 12:49:44,076 DEBUG    root            Loaded Command Group: ['gcloud', 'organizations']
2020-10-16 12:49:44,080 DEBUG    root            No implementation for release track [GA] for element: [/Users/colmlang/google-cloud-sdk/lib/surface/events]
2020-10-16 12:49:44,081 DEBUG    root            Loaded Command Group: ['gcloud', 'iam']
2020-10-16 12:49:44,084 DEBUG    root            No implementation for release track [GA] for element: [/Users/colmlang/google-cloud-sdk/lib/surface/certificate_manager]
2020-10-16 12:49:44,087 DEBUG    root            No implementation for release track [GA] for element: [/Users/colmlang/google-cloud-sdk/lib/surface/code]
2020-10-16 12:49:44,088 DEBUG    root            Loaded Command Group: ['gcloud', 'secrets']
2020-10-16 12:49:44,090 DEBUG    root            No implementation for release track [GA] for element: [/Users/colmlang/google-cloud-sdk/lib/surface/remote_build_execution]
2020-10-16 12:49:44,165 DEBUG    root            No implementation for release track [GA] for element: [/Users/colmlang/google-cloud-sdk/lib/surface/interactive]
2020-10-16 12:49:44,166 DEBUG    root            No implementation for release track [GA] for element: [/Users/colmlang/google-cloud-sdk/lib/surface/privateca]
2020-10-16 12:49:44,167 DEBUG    root            Loaded Command Group: ['gcloud', 'topic']
2020-10-16 12:49:44,170 DEBUG    root            No implementation for release track [GA] for element: [/Users/colmlang/google-cloud-sdk/lib/surface/runtime_config]
2020-10-16 12:49:44,172 DEBUG    root            Loaded Command Group: ['gcloud', 'services']
2020-10-16 12:49:44,175 DEBUG    root            Loaded Command Group: ['gcloud', 'healthcare']
2020-10-16 12:49:44,179 DEBUG    root            No implementation for release track [GA] for element: [/Users/colmlang/google-cloud-sdk/lib/surface/ai]
2020-10-16 12:49:44,180 DEBUG    root            Loaded Command Group: ['gcloud', 'scc']
2020-10-16 12:49:44,183 DEBUG    root            No implementation for release track [GA] for element: [/Users/colmlang/google-cloud-sdk/lib/surface/vmware]
2020-10-16 12:49:44,184 DEBUG    root            Loaded Command Group: ['gcloud', 'iap']
2020-10-16 12:49:44,186 DEBUG    root            Loaded Command Group: ['gcloud', 'ai_platform']
2020-10-16 12:49:44,188 DEBUG    root            Loaded Command Group: ['gcloud', 'ml']
2020-10-16 12:49:44,237 DEBUG    root            Loaded Command Group: ['gcloud', 'compute']
2020-10-16 12:49:44,251 DEBUG    root            Loaded Command Group: ['gcloud', 'endpoints']
2020-10-16 12:49:44,254 DEBUG    root            Loaded Command Group: ['gcloud', 'scheduler']
2020-10-16 12:49:44,255 DEBUG    root            No implementation for release track [GA] for element: [/Users/colmlang/google-cloud-sdk/lib/surface/data_fusion]
2020-10-16 12:49:44,256 DEBUG    root            Loaded Command Group: ['gcloud', 'anthos']
2020-10-16 12:49:44,258 DEBUG    root            No implementation for release track [GA] for element: [/Users/colmlang/google-cloud-sdk/lib/surface/labelmanager]
2020-10-16 12:49:44,259 DEBUG    root            No implementation for release track [GA] for element: [/Users/colmlang/google-cloud-sdk/lib/surface/storage]
2020-10-16 12:49:44,260 DEBUG    root            Loaded Command Group: ['gcloud', 'spanner']
2020-10-16 12:49:44,262 DEBUG    root            Loaded Command Group: ['gcloud', 'domains']
2020-10-16 12:49:44,264 DEBUG    root            Loaded Command Group: ['gcloud', 'firestore']
2020-10-16 12:49:44,266 DEBUG    root            No implementation for release track [GA] for element: [/Users/colmlang/google-cloud-sdk/lib/surface/lifesciences]
2020-10-16 12:49:44,268 DEBUG    root            Loaded Command Group: ['gcloud', 'feedback']
2020-10-16 12:49:44,269 DEBUG    root            No implementation for release track [GA] for element: [/Users/colmlang/google-cloud-sdk/lib/surface/memcache]
2020-10-16 12:49:44,270 DEBUG    root            Loaded Command Group: ['gcloud', 'auth']
2020-10-16 12:49:44,272 DEBUG    root            No implementation for release track [GA] for element: [/Users/colmlang/google-cloud-sdk/lib/surface/billing]
2020-10-16 12:49:44,273 DEBUG    root            No implementation for release track [GA] for element: [/Users/colmlang/google-cloud-sdk/lib/surface/api_gateway]
2020-10-16 12:49:44,273 DEBUG    root            No implementation for release track [GA] for element: [/Users/colmlang/google-cloud-sdk/lib/surface/database_migration]
2020-10-16 12:49:44,274 DEBUG    root            Loaded Command Group: ['gcloud', 'app']
2020-10-16 12:49:44,276 DEBUG    root            Loaded Command Group: ['gcloud', 'pubsub']
2020-10-16 12:49:44,278 DEBUG    root            Loaded Command Group: ['gcloud', 'firebase']
2020-10-16 12:49:44,283 DEBUG    root            Loaded Command Group: ['gcloud', 'help']
2020-10-16 12:49:44,285 DEBUG    root            Loaded Command Group: ['gcloud', 'recommender']
2020-10-16 12:49:44,286 DEBUG    root            Loaded Command Group: ['gcloud', 'access_context_manager']
2020-10-16 12:49:44,288 DEBUG    root            No implementation for release track [GA] for element: [/Users/colmlang/google-cloud-sdk/lib/surface/network_services]
2020-10-16 12:49:44,289 DEBUG    root            No implementation for release track [GA] for element: [/Users/colmlang/google-cloud-sdk/lib/surface/access_approval]
2020-10-16 12:49:44,289 DEBUG    root            Loaded Command Group: ['gcloud', 'identity']
2020-10-16 12:49:44,291 DEBUG    root            No implementation for release track [GA] for element: [/Users/colmlang/google-cloud-sdk/lib/surface/eventarc]
2020-10-16 12:49:44,291 DEBUG    root            Loaded Command Group: ['gcloud', 'tasks']
2020-10-16 12:49:44,294 DEBUG    root            Loaded Command Group: ['gcloud', 'asset']
2020-10-16 12:49:44,295 DEBUG    root            No implementation for release track [GA] for element: [/Users/colmlang/google-cloud-sdk/lib/surface/network_security]
2020-10-16 12:49:44,296 DEBUG    root            Loaded Command Group: ['gcloud', 'kms']
2020-10-16 12:49:44,300 ERROR    root            (gcloud) Invalid choice: 'project'.
