2020-10-16 12:52:30,101 DEBUG    root            Loaded Command Group: ['gcloud', 'app']
2020-10-16 12:52:30,224 DEBUG    root            Loaded Command Group: ['gcloud', 'app', 'deploy']
2020-10-16 12:52:30,228 DEBUG    root            Running [gcloud.app.deploy] with arguments: []
2020-10-16 12:52:30,253 DEBUG    root            Loading runtimes experiment config from [gs://runtime-builders/experiments.yaml]
2020-10-16 12:52:30,272 INFO     root            Reading [<googlecloudsdk.api_lib.storage.storage_util.ObjectReference object at 0x11164ca90>]
2020-10-16 12:52:30,504 DEBUG    root            
Traceback (most recent call last):
  File "/Users/colmlang/google-cloud-sdk/lib/googlecloudsdk/api_lib/storage/storage_api.py", line 301, in ReadObject
    self.client.objects.Get(get_req, download=download)
  File "/Users/colmlang/google-cloud-sdk/lib/googlecloudsdk/third_party/apis/storage/v1/storage_v1_client.py", line 1107, in Get
    download=download)
  File "/Users/colmlang/google-cloud-sdk/lib/third_party/apitools/base/py/base_api.py", line 709, in _RunMethod
    download.InitializeDownload(http_request, client=self.client)
  File "/Users/colmlang/google-cloud-sdk/lib/third_party/apitools/base/py/transfer.py", line 322, in InitializeDownload
    raise exceptions.HttpError.FromResponse(response)
apitools.base.py.exceptions.HttpNotFoundError: HttpError accessing <https://storage.googleapis.com/storage/v1/b/runtime-builders/o/experiments.yaml?alt=media>: response: <{'x-guploader-uploadid': 'ABg5-UwB5JVKjG2AfJIDM6OPbXeD2ytPjZjpP7MmiX8-0xQX9mc37n44ABtEa8ujYkaQ3O978_K_-dgUxOFf5nBaWCiyZTFXew', 'content-type': 'text/html; charset=UTF-8', 'date': 'Fri, 16 Oct 2020 19:52:30 GMT', 'vary': 'Origin, X-Origin', 'expires': 'Fri, 16 Oct 2020 19:52:30 GMT', 'cache-control': 'private, max-age=0', 'content-length': '49', 'server': 'UploadServer', 'alt-svc': 'h3-Q050=":443"; ma=2592000,h3-29=":443"; ma=2592000,h3-27=":443"; ma=2592000,h3-T051=":443"; ma=2592000,h3-T050=":443"; ma=2592000,h3-Q046=":443"; ma=2592000,h3-Q043=":443"; ma=2592000,quic=":443"; ma=2592000; v="46,43"', 'status': '404'}>, content <No such object: runtime-builders/experiments.yaml>

During handling of the above exception, another exception occurred:

Traceback (most recent call last):
  File "/Users/colmlang/google-cloud-sdk/lib/googlecloudsdk/api_lib/app/runtime_builders.py", line 269, in _Read
    with contextlib.closing(storage_client.ReadObject(object_)) as f:
  File "/Users/colmlang/google-cloud-sdk/lib/googlecloudsdk/api_lib/storage/storage_api.py", line 305, in ReadObject
    object_=object_ref, err=http_exc.HttpException(err)))
googlecloudsdk.calliope.exceptions.BadFileException: Could not read [<googlecloudsdk.api_lib.storage.storage_util.ObjectReference object at 0x11164ca90>]. Please retry: HTTPError 404: No such object: runtime-builders/experiments.yaml
2020-10-16 12:52:30,514 DEBUG    root            Experiment config file could not be read. This error is informational, and does not cause a deployment to fail. Reason: Unable to read the runtimes experiment config: [gs://runtime-builders/experiments.yaml], error: Could not read [<googlecloudsdk.api_lib.storage.storage_util.ObjectReference object at 0x11164ca90>]. Please retry: HTTPError 404: No such object: runtime-builders/experiments.yaml
Traceback (most recent call last):
  File "/Users/colmlang/google-cloud-sdk/lib/googlecloudsdk/api_lib/storage/storage_api.py", line 301, in ReadObject
    self.client.objects.Get(get_req, download=download)
  File "/Users/colmlang/google-cloud-sdk/lib/googlecloudsdk/third_party/apis/storage/v1/storage_v1_client.py", line 1107, in Get
    download=download)
  File "/Users/colmlang/google-cloud-sdk/lib/third_party/apitools/base/py/base_api.py", line 709, in _RunMethod
    download.InitializeDownload(http_request, client=self.client)
  File "/Users/colmlang/google-cloud-sdk/lib/third_party/apitools/base/py/transfer.py", line 322, in InitializeDownload
    raise exceptions.HttpError.FromResponse(response)
apitools.base.py.exceptions.HttpNotFoundError: HttpError accessing <https://storage.googleapis.com/storage/v1/b/runtime-builders/o/experiments.yaml?alt=media>: response: <{'x-guploader-uploadid': 'ABg5-UwB5JVKjG2AfJIDM6OPbXeD2ytPjZjpP7MmiX8-0xQX9mc37n44ABtEa8ujYkaQ3O978_K_-dgUxOFf5nBaWCiyZTFXew', 'content-type': 'text/html; charset=UTF-8', 'date': 'Fri, 16 Oct 2020 19:52:30 GMT', 'vary': 'Origin, X-Origin', 'expires': 'Fri, 16 Oct 2020 19:52:30 GMT', 'cache-control': 'private, max-age=0', 'content-length': '49', 'server': 'UploadServer', 'alt-svc': 'h3-Q050=":443"; ma=2592000,h3-29=":443"; ma=2592000,h3-27=":443"; ma=2592000,h3-T051=":443"; ma=2592000,h3-T050=":443"; ma=2592000,h3-Q046=":443"; ma=2592000,h3-Q043=":443"; ma=2592000,quic=":443"; ma=2592000; v="46,43"', 'status': '404'}>, content <No such object: runtime-builders/experiments.yaml>

During handling of the above exception, another exception occurred:

Traceback (most recent call last):
  File "/Users/colmlang/google-cloud-sdk/lib/googlecloudsdk/api_lib/app/runtime_builders.py", line 269, in _Read
    with contextlib.closing(storage_client.ReadObject(object_)) as f:
  File "/Users/colmlang/google-cloud-sdk/lib/googlecloudsdk/api_lib/storage/storage_api.py", line 305, in ReadObject
    object_=object_ref, err=http_exc.HttpException(err)))
googlecloudsdk.calliope.exceptions.BadFileException: Could not read [<googlecloudsdk.api_lib.storage.storage_util.ObjectReference object at 0x11164ca90>]. Please retry: HTTPError 404: No such object: runtime-builders/experiments.yaml

During handling of the above exception, another exception occurred:

Traceback (most recent call last):
  File "/Users/colmlang/google-cloud-sdk/lib/googlecloudsdk/api_lib/app/runtime_builders.py", line 518, in LoadFromURI
    with _Read(uri) as f:
  File "/usr/local/Cellar/python@3.7/3.7.9/Frameworks/Python.framework/Versions/3.7/lib/python3.7/contextlib.py", line 112, in __enter__
    return next(self.gen)
  File "/Users/colmlang/google-cloud-sdk/lib/googlecloudsdk/api_lib/app/runtime_builders.py", line 276, in _Read
    raise FileReadError(six.text_type(e))
googlecloudsdk.api_lib.app.runtime_builders.FileReadError: Could not read [<googlecloudsdk.api_lib.storage.storage_util.ObjectReference object at 0x11164ca90>]. Please retry: HTTPError 404: No such object: runtime-builders/experiments.yaml

During handling of the above exception, another exception occurred:

Traceback (most recent call last):
  File "/Users/colmlang/google-cloud-sdk/lib/surface/app/deploy.py", line 138, in _ServerSideExperimentEnabled
    runtimes_builder_root)
  File "/Users/colmlang/google-cloud-sdk/lib/googlecloudsdk/api_lib/app/runtime_builders.py", line 524, in LoadFromURI
    .format(uri, e))
googlecloudsdk.api_lib.app.runtime_builders.ExperimentsError: Unable to read the runtimes experiment config: [gs://runtime-builders/experiments.yaml], error: Could not read [<googlecloudsdk.api_lib.storage.storage_util.ObjectReference object at 0x11164ca90>]. Please retry: HTTPError 404: No such object: runtime-builders/experiments.yaml
2020-10-16 12:52:30,540 DEBUG    root            API endpoint: [https://appengine.googleapis.com/], API version: [v1]
2020-10-16 12:52:30,558 INFO     oauth2client.client Refreshing access_token
2020-10-16 12:52:31,449 INFO     ___FILE_ONLY___ Services to deploy:


2020-10-16 12:52:31,449 INFO     ___FILE_ONLY___ descriptor:      [/Users/colmlang/IdeaProjects/mastermindapi-colmpat/target/appengine-staging/app.yaml]
source:          [/Users/colmlang/IdeaProjects/mastermindapi-colmpat/target/appengine-staging]
target project:  [mastermindapi-colmpat]
target service:  [default]
target version:  [20201016t125231]
target url:      [https://mastermindapi-colmpat.wl.r.appspot.com]



2020-10-16 12:52:31,449 DEBUG    root            No bucket specified, retrieving default bucket.
2020-10-16 12:52:31,451 DEBUG    root            Using bucket [gs://staging.mastermindapi-colmpat.appspot.com].
2020-10-16 12:52:31,579 INFO     ___FILE_ONLY___ Beginning deployment of service [default]...

2020-10-16 12:52:31,580 INFO     root            Ignoring file [app.yaml]: File matches ignore regex.
2020-10-16 12:52:32,267 INFO     root            Incremental upload skipped 0.0% of data
2020-10-16 12:52:32,268 INFO     root            Incremental upload skipped 0.0% of data
2020-10-16 12:52:32,268 INFO     root            Incremental upload skipped 0.0% of data
2020-10-16 12:52:32,268 INFO     root            Incremental upload skipped 0.0% of data
2020-10-16 12:52:32,268 INFO     root            Incremental upload skipped 0.0% of data
2020-10-16 12:52:32,268 INFO     root            Incremental upload skipped 0.0% of data
2020-10-16 12:52:32,268 INFO     root            Incremental upload skipped 0.0% of data
2020-10-16 12:52:32,269 INFO     root            Incremental upload skipped 0.0% of data
2020-10-16 12:52:32,269 INFO     root            Incremental upload skipped 0.0% of data
2020-10-16 12:52:32,269 INFO     root            Incremental upload skipped 0.0% of data
2020-10-16 12:52:32,269 INFO     root            Incremental upload skipped 0.0% of data
2020-10-16 12:52:32,269 INFO     root            Incremental upload skipped 0.0% of data
2020-10-16 12:52:32,269 INFO     root            Incremental upload skipped 0.0% of data
2020-10-16 12:52:32,270 INFO     root            Incremental upload skipped 0.0% of data
2020-10-16 12:52:32,270 INFO     root            Incremental upload skipped 0.0% of data
2020-10-16 12:52:32,270 INFO     root            Incremental upload skipped 0.0% of data
2020-10-16 12:52:32,270 INFO     root            Incremental upload skipped 0.0% of data
2020-10-16 12:52:32,270 INFO     root            Incremental upload skipped 0.0% of data
2020-10-16 12:52:32,270 INFO     root            Incremental upload skipped 0.0% of data
2020-10-16 12:52:32,270 INFO     root            Incremental upload skipped 0.0% of data
2020-10-16 12:52:32,271 DEBUG    root            Uploading 20 files to Google Cloud Storage
2020-10-16 12:52:32,271 DEBUG    root            Using [16] threads
2020-10-16 12:52:32,272 INFO     ___FILE_ONLY___ ╔════════════════════════════════════════════════════════════╗

2020-10-16 12:52:32,272 INFO     ___FILE_ONLY___ ╠═ Uploading 20 files to Google Cloud Storage               ═╣

2020-10-16 12:52:32,272 INFO     ___FILE_ONLY___ ╚
2020-10-16 12:52:32,347 INFO     root            Uploading [/Users/colmlang/IdeaProjects/mastermindapi-colmpat/target/appengine-staging/WEB-INF/lib/org.eclipse.jdt.ecj-3.19.0.jar] to [staging.mastermindapi-colmpat.appspot.com/99ccdf7b2a75afb720270ab888bb21d6159ee631]
2020-10-16 12:52:32,348 INFO     root            Uploading [/Users/colmlang/IdeaProjects/mastermindapi-colmpat/target/appengine-staging/WEB-INF/appengine-web.xml] to [staging.mastermindapi-colmpat.appspot.com/270125624090a4b36d85cfad2d8f711b7709fa23]
2020-10-16 12:52:32,348 INFO     root            Uploading [/Users/colmlang/IdeaProjects/mastermindapi-colmpat/target/appengine-staging/WEB-INF/classes/com/example/appengine/java8/NewGameServlet.class] to [staging.mastermindapi-colmpat.appspot.com/2c1b0006cdbb0cd5513dda26ca8618ee1b0e3217]
2020-10-16 12:52:32,348 INFO     root            Uploading [/Users/colmlang/IdeaProjects/mastermindapi-colmpat/target/appengine-staging/WEB-INF/web.xml] to [staging.mastermindapi-colmpat.appspot.com/9a771dceb5751ce43c5fdb53d1916d2396e58ba8]
2020-10-16 12:52:32,349 INFO     root            Uploading [/Users/colmlang/IdeaProjects/mastermindapi-colmpat/target/appengine-staging/WEB-INF/lib/org.apache.taglibs.taglibs-standard-impl-1.2.5.jar] to [staging.mastermindapi-colmpat.appspot.com/9b9783ccb2a323383e6e20e36d368f8997b71967]
2020-10-16 12:52:32,423 INFO     root            Uploading [/Users/colmlang/IdeaProjects/mastermindapi-colmpat/target/appengine-staging/WEB-INF/lib/gson-2.7.jar] to [staging.mastermindapi-colmpat.appspot.com/751f548c85fa49f330cecbb1875893f971b33c4e]
2020-10-16 12:52:32,425 INFO     root            Uploading [/Users/colmlang/IdeaProjects/mastermindapi-colmpat/target/appengine-staging/WEB-INF/lib/org.eclipse.jetty.apache-jsp-9.4.27.v20200227-nolog.jar] to [staging.mastermindapi-colmpat.appspot.com/ca022b3c1e110c59ac0ba43d1ea93d0dbb9c0c76]
2020-10-16 12:52:32,427 INFO     root            Uploading [/Users/colmlang/IdeaProjects/mastermindapi-colmpat/target/appengine-staging/WEB-INF/lib/org.mortbay.jasper.apache-el-8.5.49.jar] to [staging.mastermindapi-colmpat.appspot.com/d2550406481e61df12fddb51c3a92922e78fbaa4]
2020-10-16 12:52:32,446 INFO     root            Uploading [/Users/colmlang/IdeaProjects/mastermindapi-colmpat/target/appengine-staging/WEB-INF/classes/com/example/appengine/java8/MastermindHomeServlet.class] to [staging.mastermindapi-colmpat.appspot.com/2ad615758b0bb0f46a450f3ebc9af54f6a63b914]
2020-10-16 12:52:32,448 INFO     root            Uploading [/Users/colmlang/IdeaProjects/mastermindapi-colmpat/target/appengine-staging/WEB-INF/classes/source-context.json] to [staging.mastermindapi-colmpat.appspot.com/bfcbfb1b553001ab55cbaf36b94433daedff73a0]
2020-10-16 12:52:32,448 INFO     root            Uploading [/Users/colmlang/IdeaProjects/mastermindapi-colmpat/target/appengine-staging/WEB-INF/lib/_ah_compiled_jsps-0000.jar] to [staging.mastermindapi-colmpat.appspot.com/b77a3795a83180e2d75f27ac8cbc31ca1446efaa]
2020-10-16 12:52:32,452 INFO     root            Uploading [/Users/colmlang/IdeaProjects/mastermindapi-colmpat/target/appengine-staging/WEB-INF/lib/org.apache.taglibs.taglibs-standard-spec-1.2.5.jar] to [staging.mastermindapi-colmpat.appspot.com/c3bb98c30f75fef1e229d1d03cf8457de22f1ba0]
2020-10-16 12:52:32,454 INFO     root            Uploading [/Users/colmlang/IdeaProjects/mastermindapi-colmpat/target/appengine-staging/WEB-INF/quickstart-web.xml] to [staging.mastermindapi-colmpat.appspot.com/ce8fac3219a6cfd8d8c3b1a4a01056656dc78206]
2020-10-16 12:52:32,457 INFO     root            Uploading [/Users/colmlang/IdeaProjects/mastermindapi-colmpat/target/appengine-staging/WEB-INF/min-quickstart-web.xml] to [staging.mastermindapi-colmpat.appspot.com/37cdbff04f29bf95cd75bd741e07626476ac5f35]
2020-10-16 12:52:32,464 INFO     root            Uploading [/Users/colmlang/IdeaProjects/mastermindapi-colmpat/target/appengine-staging/WEB-INF/appengine-generated/app.yaml] to [staging.mastermindapi-colmpat.appspot.com/9692b2769ec0489ea7b8c495d4c3d1ec0e332cc5]
2020-10-16 12:52:32,465 INFO     root            Uploading [/var/folders/c7/4x3qpx6j0y18zh419gklg5kh0000gn/T/tmpw5l9h5f5/source-context.json] to [staging.mastermindapi-colmpat.appspot.com/49d160e7ef77c675abf1e4eef4fca2113b9ba60a]
2020-10-16 12:52:32,748 INFO     ___FILE_ONLY___ ═══
2020-10-16 12:52:32,752 INFO     ___FILE_ONLY___ ═══
2020-10-16 12:52:32,756 INFO     ___FILE_ONLY___ ═══
2020-10-16 12:52:32,761 INFO     root            Uploading [/Users/colmlang/IdeaProjects/mastermindapi-colmpat/target/appengine-staging/mastermind.jsp] to [staging.mastermindapi-colmpat.appspot.com/d43da519cc4afa6a979010ffb961323791104419]
2020-10-16 12:52:32,767 INFO     root            Uploading [/Users/colmlang/IdeaProjects/mastermindapi-colmpat/target/appengine-staging/WEB-INF/classes/com/example/appengine/java8/Mastermind.class] to [staging.mastermindapi-colmpat.appspot.com/d8eb3eb4207b4b5d1aa3cd01a12de7a15faceca3]
2020-10-16 12:52:32,771 INFO     root            Uploading [/Users/colmlang/IdeaProjects/mastermindapi-colmpat/target/appengine-staging/WEB-INF/lib/appengine-api-1.0-sdk-1.9.69.jar] to [staging.mastermindapi-colmpat.appspot.com/ea55839ee0a4ed134c9412f9b767cb46c59bc8f8]
2020-10-16 12:52:32,830 INFO     ___FILE_ONLY___ ═══
2020-10-16 12:52:32,833 INFO     ___FILE_ONLY___ ═══
2020-10-16 12:52:32,838 INFO     root            Uploading [/Users/colmlang/IdeaProjects/mastermindapi-colmpat/target/appengine-staging/WEB-INF/lib/org.mortbay.jasper.apache-jsp-8.5.49.jar] to [staging.mastermindapi-colmpat.appspot.com/f7df00a600ed147b7c8a7bdcc8cc4ffab203e5f2]
2020-10-16 12:52:32,926 INFO     ___FILE_ONLY___ ═══
2020-10-16 12:52:32,935 INFO     ___FILE_ONLY___ ═══
2020-10-16 12:52:32,949 INFO     ___FILE_ONLY___ ═══
2020-10-16 12:52:33,147 INFO     ___FILE_ONLY___ ═══
2020-10-16 12:52:33,148 INFO     ___FILE_ONLY___ ═══
2020-10-16 12:52:33,149 INFO     ___FILE_ONLY___ ═══
2020-10-16 12:52:33,190 INFO     ___FILE_ONLY___ ═══
2020-10-16 12:52:33,264 INFO     ___FILE_ONLY___ ═══
2020-10-16 12:52:33,536 INFO     ___FILE_ONLY___ ═══
2020-10-16 12:52:33,750 INFO     ___FILE_ONLY___ ═══
2020-10-16 12:52:34,751 INFO     ___FILE_ONLY___ ═══
2020-10-16 12:52:35,335 INFO     ___FILE_ONLY___ ═══
2020-10-16 12:52:36,036 INFO     ___FILE_ONLY___ ═══
2020-10-16 12:52:48,006 INFO     ___FILE_ONLY___ ═══
2020-10-16 12:53:04,922 INFO     ___FILE_ONLY___ ═══
2020-10-16 12:53:04,922 INFO     ___FILE_ONLY___ ╝

2020-10-16 12:53:04,934 INFO     ___FILE_ONLY___ File upload done.

2020-10-16 12:53:04,934 INFO     root            Manifest: [{'mastermind.jsp': {'sourceUrl': 'https://storage.googleapis.com/staging.mastermindapi-colmpat.appspot.com/d43da519cc4afa6a979010ffb961323791104419', 'sha1Sum': 'd43da519cc4afa6a979010ffb961323791104419'}, 'WEB-INF/appengine-web.xml': {'sourceUrl': 'https://storage.googleapis.com/staging.mastermindapi-colmpat.appspot.com/270125624090a4b36d85cfad2d8f711b7709fa23', 'sha1Sum': '270125624090a4b36d85cfad2d8f711b7709fa23'}, 'WEB-INF/min-quickstart-web.xml': {'sourceUrl': 'https://storage.googleapis.com/staging.mastermindapi-colmpat.appspot.com/37cdbff04f29bf95cd75bd741e07626476ac5f35', 'sha1Sum': '37cdbff04f29bf95cd75bd741e07626476ac5f35'}, 'WEB-INF/quickstart-web.xml': {'sourceUrl': 'https://storage.googleapis.com/staging.mastermindapi-colmpat.appspot.com/ce8fac3219a6cfd8d8c3b1a4a01056656dc78206', 'sha1Sum': 'ce8fac3219a6cfd8d8c3b1a4a01056656dc78206'}, 'WEB-INF/web.xml': {'sourceUrl': 'https://storage.googleapis.com/staging.mastermindapi-colmpat.appspot.com/9a771dceb5751ce43c5fdb53d1916d2396e58ba8', 'sha1Sum': '9a771dceb5751ce43c5fdb53d1916d2396e58ba8'}, 'WEB-INF/lib/_ah_compiled_jsps-0000.jar': {'sourceUrl': 'https://storage.googleapis.com/staging.mastermindapi-colmpat.appspot.com/b77a3795a83180e2d75f27ac8cbc31ca1446efaa', 'sha1Sum': 'b77a3795a83180e2d75f27ac8cbc31ca1446efaa'}, 'WEB-INF/lib/appengine-api-1.0-sdk-1.9.69.jar': {'sourceUrl': 'https://storage.googleapis.com/staging.mastermindapi-colmpat.appspot.com/ea55839ee0a4ed134c9412f9b767cb46c59bc8f8', 'sha1Sum': 'ea55839ee0a4ed134c9412f9b767cb46c59bc8f8'}, 'WEB-INF/lib/gson-2.7.jar': {'sourceUrl': 'https://storage.googleapis.com/staging.mastermindapi-colmpat.appspot.com/751f548c85fa49f330cecbb1875893f971b33c4e', 'sha1Sum': '751f548c85fa49f330cecbb1875893f971b33c4e'}, 'WEB-INF/lib/org.apache.taglibs.taglibs-standard-impl-1.2.5.jar': {'sourceUrl': 'https://storage.googleapis.com/staging.mastermindapi-colmpat.appspot.com/9b9783ccb2a323383e6e20e36d368f8997b71967', 'sha1Sum': '9b9783ccb2a323383e6e20e36d368f8997b71967'}, 'WEB-INF/lib/org.apache.taglibs.taglibs-standard-spec-1.2.5.jar': {'sourceUrl': 'https://storage.googleapis.com/staging.mastermindapi-colmpat.appspot.com/c3bb98c30f75fef1e229d1d03cf8457de22f1ba0', 'sha1Sum': 'c3bb98c30f75fef1e229d1d03cf8457de22f1ba0'}, 'WEB-INF/lib/org.eclipse.jdt.ecj-3.19.0.jar': {'sourceUrl': 'https://storage.googleapis.com/staging.mastermindapi-colmpat.appspot.com/99ccdf7b2a75afb720270ab888bb21d6159ee631', 'sha1Sum': '99ccdf7b2a75afb720270ab888bb21d6159ee631'}, 'WEB-INF/lib/org.eclipse.jetty.apache-jsp-9.4.27.v20200227-nolog.jar': {'sourceUrl': 'https://storage.googleapis.com/staging.mastermindapi-colmpat.appspot.com/ca022b3c1e110c59ac0ba43d1ea93d0dbb9c0c76', 'sha1Sum': 'ca022b3c1e110c59ac0ba43d1ea93d0dbb9c0c76'}, 'WEB-INF/lib/org.mortbay.jasper.apache-el-8.5.49.jar': {'sourceUrl': 'https://storage.googleapis.com/staging.mastermindapi-colmpat.appspot.com/d2550406481e61df12fddb51c3a92922e78fbaa4', 'sha1Sum': 'd2550406481e61df12fddb51c3a92922e78fbaa4'}, 'WEB-INF/lib/org.mortbay.jasper.apache-jsp-8.5.49.jar': {'sourceUrl': 'https://storage.googleapis.com/staging.mastermindapi-colmpat.appspot.com/f7df00a600ed147b7c8a7bdcc8cc4ffab203e5f2', 'sha1Sum': 'f7df00a600ed147b7c8a7bdcc8cc4ffab203e5f2'}, 'WEB-INF/classes/source-context.json': {'sourceUrl': 'https://storage.googleapis.com/staging.mastermindapi-colmpat.appspot.com/bfcbfb1b553001ab55cbaf36b94433daedff73a0', 'sha1Sum': 'bfcbfb1b553001ab55cbaf36b94433daedff73a0'}, 'WEB-INF/classes/com/example/appengine/java8/Mastermind.class': {'sourceUrl': 'https://storage.googleapis.com/staging.mastermindapi-colmpat.appspot.com/d8eb3eb4207b4b5d1aa3cd01a12de7a15faceca3', 'sha1Sum': 'd8eb3eb4207b4b5d1aa3cd01a12de7a15faceca3'}, 'WEB-INF/classes/com/example/appengine/java8/MastermindHomeServlet.class': {'sourceUrl': 'https://storage.googleapis.com/staging.mastermindapi-colmpat.appspot.com/2ad615758b0bb0f46a450f3ebc9af54f6a63b914', 'sha1Sum': '2ad615758b0bb0f46a450f3ebc9af54f6a63b914'}, 'WEB-INF/classes/com/example/appengine/java8/NewGameServlet.class': {'sourceUrl': 'https://storage.googleapis.com/staging.mastermindapi-colmpat.appspot.com/2c1b0006cdbb0cd5513dda26ca8618ee1b0e3217', 'sha1Sum': '2c1b0006cdbb0cd5513dda26ca8618ee1b0e3217'}, 'WEB-INF/appengine-generated/app.yaml': {'sourceUrl': 'https://storage.googleapis.com/staging.mastermindapi-colmpat.appspot.com/9692b2769ec0489ea7b8c495d4c3d1ec0e332cc5', 'sha1Sum': '9692b2769ec0489ea7b8c495d4c3d1ec0e332cc5'}, 'source-context.json': {'sourceUrl': 'https://storage.googleapis.com/staging.mastermindapi-colmpat.appspot.com/49d160e7ef77c675abf1e4eef4fca2113b9ba60a', 'sha1Sum': '49d160e7ef77c675abf1e4eef4fca2113b9ba60a'}}]
2020-10-16 12:53:04,936 DEBUG    root            Converted YAML to JSON: "{
  "betaSettings": {
    "auto_id_policy": "default"
  },
  "entrypoint": {
    "shell": ""
  },
  "handlers": [
    {
      "script": {
        "scriptPath": "unused"
      },
      "securityLevel": "SECURE_OPTIONAL",
      "urlRegex": "/.*"
    }
  ],
  "inboundServices": [
    "INBOUND_SERVICE_WARMUP"
  ],
  "runtime": "java8",
  "runtimeApiVersion": "user_defined",
  "threadsafe": true
}"
2020-10-16 12:53:06,746 WARNING  root            You will be unable to deploy applications after November 30, 2019 without adding a billing instrument to your project. Please add one at https://console.cloud.google.com/billing/linkedaccount?mastermindapi-colmpat

2020-10-16 12:53:06,746 DEBUG    root            Operation [apps/mastermindapi-colmpat/operations/6f83e07a-8fbd-4bae-85e9-7ac35c3510a9] not complete. Waiting to retry.
2020-10-16 12:53:06,747 INFO     ___FILE_ONLY___ Updating service [default]...
2020-10-16 12:53:08,112 DEBUG    root            Operation [apps/mastermindapi-colmpat/operations/6f83e07a-8fbd-4bae-85e9-7ac35c3510a9] not complete. Waiting to retry.
2020-10-16 12:53:13,486 DEBUG    root            Operation [apps/mastermindapi-colmpat/operations/6f83e07a-8fbd-4bae-85e9-7ac35c3510a9] complete. Result: {
    "done": true,
    "error": {
        "code": 7,
        "message": "Access Not Configured. Cloud Build has not been used in project mastermindapi-colmpat before or it is disabled. Enable it by visiting https://console.developers.google.com/apis/api/cloudbuild.googleapis.com/overview?project=mastermindapi-colmpat then retry. If you enabled this API recently, wait a few minutes for the action to propagate to our systems and retry."
    },
    "metadata": {
        "@type": "type.googleapis.com/google.appengine.v1.OperationMetadataV1",
        "endTime": "2020-10-16T19:53:10.559Z",
        "insertTime": "2020-10-16T19:53:06.694Z",
        "method": "google.appengine.v1.Versions.CreateVersion",
        "target": "apps/mastermindapi-colmpat/services/default/versions/20201016t125231",
        "user": "colmplang@gmail.com",
        "warning": [
            "You will be unable to deploy applications after November 30, 2019 without adding a billing instrument to your project. Please add one at https://console.cloud.google.com/billing/linkedaccount?mastermindapi-colmpat"
        ]
    },
    "name": "apps/mastermindapi-colmpat/operations/6f83e07a-8fbd-4bae-85e9-7ac35c3510a9"
}
2020-10-16 12:53:13,646 DEBUG    root            (gcloud.app.deploy) Error Response: [7] Access Not Configured. Cloud Build has not been used in project mastermindapi-colmpat before or it is disabled. Enable it by visiting https://console.developers.google.com/apis/api/cloudbuild.googleapis.com/overview?project=mastermindapi-colmpat then retry. If you enabled this API recently, wait a few minutes for the action to propagate to our systems and retry.
Traceback (most recent call last):
  File "/Users/colmlang/google-cloud-sdk/lib/googlecloudsdk/calliope/cli.py", line 983, in Execute
    resources = calliope_command.Run(cli=self, args=args)
  File "/Users/colmlang/google-cloud-sdk/lib/googlecloudsdk/calliope/backend.py", line 808, in Run
    resources = command_instance.Run(args)
  File "/Users/colmlang/google-cloud-sdk/lib/surface/app/deploy.py", line 122, in Run
    default_strategy=flex_image_build_option_default))
  File "/Users/colmlang/google-cloud-sdk/lib/googlecloudsdk/command_lib/app/deploy_util.py", line 651, in RunDeploy
    ignore_file=args.ignore_file)
  File "/Users/colmlang/google-cloud-sdk/lib/googlecloudsdk/command_lib/app/deploy_util.py", line 433, in Deploy
    extra_config_settings)
  File "/Users/colmlang/google-cloud-sdk/lib/googlecloudsdk/api_lib/app/appengine_api_client.py", line 208, in DeployService
    poller=done_poller)
  File "/Users/colmlang/google-cloud-sdk/lib/googlecloudsdk/api_lib/app/operations_util.py", line 314, in WaitForOperation
    sleep_ms=retry_interval)
  File "/Users/colmlang/google-cloud-sdk/lib/googlecloudsdk/api_lib/util/waiter.py", line 264, in WaitFor
    sleep_ms, _StatusUpdate)
  File "/Users/colmlang/google-cloud-sdk/lib/googlecloudsdk/api_lib/util/waiter.py", line 326, in PollUntilDone
    sleep_ms=sleep_ms)
  File "/Users/colmlang/google-cloud-sdk/lib/googlecloudsdk/core/util/retry.py", line 229, in RetryOnResult
    if not should_retry(result, state):
  File "/Users/colmlang/google-cloud-sdk/lib/googlecloudsdk/api_lib/util/waiter.py", line 320, in _IsNotDone
    return not poller.IsDone(operation)
  File "/Users/colmlang/google-cloud-sdk/lib/googlecloudsdk/api_lib/app/operations_util.py", line 183, in IsDone
    encoding.MessageToPyValue(operation.error)))
googlecloudsdk.api_lib.app.operations_util.OperationError: Error Response: [7] Access Not Configured. Cloud Build has not been used in project mastermindapi-colmpat before or it is disabled. Enable it by visiting https://console.developers.google.com/apis/api/cloudbuild.googleapis.com/overview?project=mastermindapi-colmpat then retry. If you enabled this API recently, wait a few minutes for the action to propagate to our systems and retry.
2020-10-16 12:53:13,660 ERROR    root            (gcloud.app.deploy) Error Response: [7] Access Not Configured. Cloud Build has not been used in project mastermindapi-colmpat before or it is disabled. Enable it by visiting https://console.developers.google.com/apis/api/cloudbuild.googleapis.com/overview?project=mastermindapi-colmpat then retry. If you enabled this API recently, wait a few minutes for the action to propagate to our systems and retry.
