2020-10-25 18:33:02,295 DEBUG    root            Loaded Command Group: ['gcloud', 'init']
2020-10-25 18:33:02,297 DEBUG    root            Running [gcloud.init] with arguments: []
2020-10-25 18:33:02,297 INFO     ___FILE_ONLY___ Welcome! This command will take you through the configuration of gcloud.


2020-10-25 18:33:02,301 INFO     ___FILE_ONLY___ Settings from your current configuration [default] are:

2020-10-25 18:33:02,305 INFO     ___FILE_ONLY___ core:
  account: colmplang@gmail.com
  disable_usage_reporting: 'True'
  project: mastermindapi-colmpat

2020-10-25 18:33:02,305 INFO     ___FILE_ONLY___ 

2020-10-25 18:33:03,762 INFO     ___FILE_ONLY___ Your current configuration has been set to: [default]


2020-10-25 18:33:03,762 INFO     ___FILE_ONLY___ You can skip diagnostics next time by using the following flag:

2020-10-25 18:33:03,762 INFO     ___FILE_ONLY___   gcloud init --skip-diagnostics


2020-10-25 18:33:03,762 INFO     ___FILE_ONLY___ Network diagnostic detects and fixes local network connection issues.

2020-10-25 18:33:03,763 INFO     ___FILE_ONLY___ Checking network connection...
2020-10-25 18:33:04,714 DEBUG    urllib3.connectionpool Starting new HTTPS connection (1): accounts.google.com:443
2020-10-25 18:33:04,840 DEBUG    urllib3.connectionpool https://accounts.google.com:443 "GET / HTTP/1.1" 302 338
2020-10-25 18:33:04,929 DEBUG    urllib3.connectionpool https://accounts.google.com:443 "GET /ServiceLogin?passive=1209600&continue=https%3A%2F%2Faccounts.google.com%2F&followup=https%3A%2F%2Faccounts.google.com%2F HTTP/1.1" 200 None
2020-10-25 18:33:04,973 DEBUG    urllib3.connectionpool Starting new HTTPS connection (1): cloudresourcemanager.googleapis.com:443
2020-10-25 18:33:05,086 DEBUG    urllib3.connectionpool https://cloudresourcemanager.googleapis.com:443 "GET /v1beta1/projects HTTP/1.1" 401 None
2020-10-25 18:33:05,090 DEBUG    urllib3.connectionpool Starting new HTTPS connection (1): www.googleapis.com:443
2020-10-25 18:33:05,194 DEBUG    urllib3.connectionpool https://www.googleapis.com:443 "GET /auth/cloud-platform HTTP/1.1" 200 None
2020-10-25 18:33:05,198 DEBUG    urllib3.connectionpool Starting new HTTPS connection (1): dl.google.com:443
2020-10-25 18:33:05,338 DEBUG    urllib3.connectionpool https://dl.google.com:443 "GET /dl/cloudsdk/channels/rapid/components-2.json HTTP/1.1" 200 139737
2020-10-25 18:33:05,588 INFO     ___FILE_ONLY___ Reachability Check passed.

2020-10-25 18:33:05,589 INFO     ___FILE_ONLY___ Network diagnostic passed (1/1 checks passed).


2020-10-25 18:33:07,299 INFO     ___FILE_ONLY___ You are logged in as: [colmplang@gmail.com].


2020-10-25 18:33:07,304 DEBUG    google_auth_httplib2 Making request: POST https://oauth2.googleapis.com/token
2020-10-25 18:33:10,161 INFO     ___FILE_ONLY___ Your current project has been set to: [mastermindapi-colmpat].


2020-10-25 18:33:10,225 DEBUG    root            Loaded Command Group: ['gcloud', 'compute']
2020-10-25 18:33:10,240 DEBUG    root            Loaded Command Group: ['gcloud', 'compute', 'project_info']
2020-10-25 18:33:10,248 DEBUG    root            Loaded Command Group: ['gcloud', 'compute', 'project-info', 'describe']
2020-10-25 18:33:10,249 INFO     root            Executing: [gcloud compute project-info describe --quiet]
2020-10-25 18:33:10,252 DEBUG    root            Running [gcloud.compute.project-info.describe] with arguments: [--no-user-output-enabled: "false", --quiet: "True", --verbosity: "none"]
2020-10-25 18:33:10,625 DEBUG    root            (gcloud.compute.project-info.describe) HTTPError 403: Access Not Configured. Compute Engine API has not been used in project 54969751983 before or it is disabled. Enable it by visiting https://console.developers.google.com/apis/api/compute.googleapis.com/overview?project=54969751983 then retry. If you enabled this API recently, wait a few minutes for the action to propagate to our systems and retry.
Traceback (most recent call last):
  File "/Users/colmlang/google-cloud-sdk/lib/googlecloudsdk/calliope/cli.py", line 983, in Execute
    resources = calliope_command.Run(cli=self, args=args)
  File "/Users/colmlang/google-cloud-sdk/lib/googlecloudsdk/calliope/backend.py", line 808, in Run
    resources = command_instance.Run(args)
  File "/Users/colmlang/google-cloud-sdk/lib/surface/compute/project_info/describe.py", line 39, in Run
    project=project_ref.projectId))])[0]
  File "/Users/colmlang/google-cloud-sdk/lib/googlecloudsdk/api_lib/compute/client_adapter.py", line 102, in MakeRequests
    timeout=timeout))
  File "/Users/colmlang/google-cloud-sdk/lib/googlecloudsdk/api_lib/compute/request_helper.py", line 272, in MakeRequests
    requests=requests, http=http, batch_url=batch_url)
  File "/Users/colmlang/google-cloud-sdk/lib/googlecloudsdk/api_lib/compute/batch_helper.py", line 106, in MakeRequests
    batch_request_callback=batch_checker.BatchCheck)
  File "/Users/colmlang/google-cloud-sdk/lib/third_party/apitools/base/py/batch.py", line 226, in Execute
    batch_http_request.Execute(http)
  File "/Users/colmlang/google-cloud-sdk/lib/third_party/apitools/base/py/batch.py", line 506, in Execute
    self.__callback(response, exception)
  File "/Users/colmlang/google-cloud-sdk/lib/googlecloudsdk/api_lib/compute/batch_helper.py", line 73, in BatchCheck
    is_batch_request=True)
  File "/Users/colmlang/google-cloud-sdk/lib/googlecloudsdk/api_lib/util/apis.py", line 247, in PromptToEnableApi
    raise exception
googlecloudsdk.api_lib.util.exceptions.HttpException: HTTPError 403: Access Not Configured. Compute Engine API has not been used in project 54969751983 before or it is disabled. Enable it by visiting https://console.developers.google.com/apis/api/compute.googleapis.com/overview?project=54969751983 then retry. If you enabled this API recently, wait a few minutes for the action to propagate to our systems and retry.
2020-10-25 18:33:10,632 ERROR    root            (gcloud.compute.project-info.describe) HTTPError 403: Access Not Configured. Compute Engine API has not been used in project 54969751983 before or it is disabled. Enable it by visiting https://console.developers.google.com/apis/api/compute.googleapis.com/overview?project=54969751983 then retry. If you enabled this API recently, wait a few minutes for the action to propagate to our systems and retry.
2020-10-25 18:33:10,632 INFO     root            [compute project-info describe --quiet] has failed

2020-10-25 18:33:10,633 INFO     ___FILE_ONLY___ Not setting default zone/region (this feature makes it easier to use
[gcloud compute] by setting an appropriate default value for the
--zone and --region flag).
See https://cloud.google.com/compute/docs/gcloud-compute section on how to set
default compute region and zone manually. If you would like [gcloud init] to be
able to do this for you the next time you run it, make sure the
Compute Engine API is enabled for your project on the
https://console.developers.google.com/apis page.


2020-10-25 18:33:10,633 DEBUG    root            Not configuring default .boto file. File already exists at [/Users/colmlang/.boto].
2020-10-25 18:33:10,633 INFO     ___FILE_ONLY___ Your Google Cloud SDK is configured and ready to use!


2020-10-25 18:33:10,633 INFO     ___FILE_ONLY___ * Commands that require authentication will use colmplang@gmail.com by default

2020-10-25 18:33:10,633 INFO     ___FILE_ONLY___ * Commands will reference project `mastermindapi-colmpat` by default

2020-10-25 18:33:10,634 INFO     ___FILE_ONLY___ Run `gcloud help config` to learn how to change individual settings


2020-10-25 18:33:10,634 INFO     ___FILE_ONLY___ This gcloud configuration is called [default]. You can create additional configurations if you work with multiple accounts and/or projects.

2020-10-25 18:33:10,634 INFO     ___FILE_ONLY___ Run `gcloud topic configurations` to learn more.


2020-10-25 18:33:10,634 INFO     ___FILE_ONLY___ Some things to try next:


2020-10-25 18:33:10,634 INFO     ___FILE_ONLY___ * Run `gcloud --help` to see the Cloud Platform services you can interact with. And run `gcloud help COMMAND` to get help on any gcloud command.

2020-10-25 18:33:10,634 INFO     ___FILE_ONLY___ * Run `gcloud topic --help` to learn about advanced features of the SDK like arg files and output formatting

2020-10-25 18:33:10,636 INFO     root            Display format: "default"
2020-10-25 18:33:10,637 DEBUG    root            Checking for updates...
2020-10-25 18:33:10,832 INFO     ___FILE_ONLY___ 

Updates are available for some Cloud SDK components.  To install them,
please run:
  $ gcloud components update


