2020-10-25 20:34:25,963 DEBUG    root            Loaded Command Group: ['gcloud', 'app']
2020-10-25 20:34:26,116 DEBUG    root            Loaded Command Group: ['gcloud', 'app', 'deploy']
2020-10-25 20:34:26,119 DEBUG    root            Running [gcloud.app.deploy] with arguments: []
2020-10-25 20:34:26,142 DEBUG    google_auth_httplib2 Making request: POST https://oauth2.googleapis.com/token
2020-10-25 20:34:26,340 DEBUG    root            Loading runtimes experiment config from [gs://runtime-builders/experiments.yaml]
2020-10-25 20:34:26,366 INFO     root            Reading [<googlecloudsdk.api_lib.storage.storage_util.ObjectReference object at 0x10d019150>]
2020-10-25 20:34:26,588 DEBUG    root            
Traceback (most recent call last):
  File "/Users/colmlang/google-cloud-sdk/lib/googlecloudsdk/api_lib/storage/storage_api.py", line 301, in ReadObject
    self.client.objects.Get(get_req, download=download)
  File "/Users/colmlang/google-cloud-sdk/lib/googlecloudsdk/third_party/apis/storage/v1/storage_v1_client.py", line 1107, in Get
    download=download)
  File "/Users/colmlang/google-cloud-sdk/lib/third_party/apitools/base/py/base_api.py", line 709, in _RunMethod
    download.InitializeDownload(http_request, client=self.client)
  File "/Users/colmlang/google-cloud-sdk/lib/third_party/apitools/base/py/transfer.py", line 322, in InitializeDownload
    raise exceptions.HttpError.FromResponse(response)
apitools.base.py.exceptions.HttpNotFoundError: HttpError accessing <https://storage.googleapis.com/storage/v1/b/runtime-builders/o/experiments.yaml?alt=media>: response: <{'x-guploader-uploadid': 'ABg5-UzKsuRKixknTVOIbX0jlbZMSImhOcEOFoTlt88yGzKDg8_V_g0z8dV5SYerU4X3z0j4obisqcE19yBd9tOl03o', 'content-type': 'text/html; charset=UTF-8', 'date': 'Mon, 26 Oct 2020 03:34:26 GMT', 'vary': 'Origin, X-Origin', 'expires': 'Mon, 26 Oct 2020 03:34:26 GMT', 'cache-control': 'private, max-age=0', 'content-length': '49', 'server': 'UploadServer', 'alt-svc': 'h3-Q050=":443"; ma=2592000,h3-29=":443"; ma=2592000,h3-T051=":443"; ma=2592000,h3-T050=":443"; ma=2592000,h3-Q046=":443"; ma=2592000,h3-Q043=":443"; ma=2592000,quic=":443"; ma=2592000; v="46,43"', 'status': '404'}>, content <No such object: runtime-builders/experiments.yaml>

During handling of the above exception, another exception occurred:

Traceback (most recent call last):
  File "/Users/colmlang/google-cloud-sdk/lib/googlecloudsdk/api_lib/app/runtime_builders.py", line 269, in _Read
    with contextlib.closing(storage_client.ReadObject(object_)) as f:
  File "/Users/colmlang/google-cloud-sdk/lib/googlecloudsdk/api_lib/storage/storage_api.py", line 305, in ReadObject
    object_=object_ref, err=http_exc.HttpException(err)))
googlecloudsdk.calliope.exceptions.BadFileException: Could not read [<googlecloudsdk.api_lib.storage.storage_util.ObjectReference object at 0x10d019150>]. Please retry: HTTPError 404: No such object: runtime-builders/experiments.yaml
2020-10-25 20:34:26,598 DEBUG    root            Experiment config file could not be read. This error is informational, and does not cause a deployment to fail. Reason: Unable to read the runtimes experiment config: [gs://runtime-builders/experiments.yaml], error: Could not read [<googlecloudsdk.api_lib.storage.storage_util.ObjectReference object at 0x10d019150>]. Please retry: HTTPError 404: No such object: runtime-builders/experiments.yaml
Traceback (most recent call last):
  File "/Users/colmlang/google-cloud-sdk/lib/googlecloudsdk/api_lib/storage/storage_api.py", line 301, in ReadObject
    self.client.objects.Get(get_req, download=download)
  File "/Users/colmlang/google-cloud-sdk/lib/googlecloudsdk/third_party/apis/storage/v1/storage_v1_client.py", line 1107, in Get
    download=download)
  File "/Users/colmlang/google-cloud-sdk/lib/third_party/apitools/base/py/base_api.py", line 709, in _RunMethod
    download.InitializeDownload(http_request, client=self.client)
  File "/Users/colmlang/google-cloud-sdk/lib/third_party/apitools/base/py/transfer.py", line 322, in InitializeDownload
    raise exceptions.HttpError.FromResponse(response)
apitools.base.py.exceptions.HttpNotFoundError: HttpError accessing <https://storage.googleapis.com/storage/v1/b/runtime-builders/o/experiments.yaml?alt=media>: response: <{'x-guploader-uploadid': 'ABg5-UzKsuRKixknTVOIbX0jlbZMSImhOcEOFoTlt88yGzKDg8_V_g0z8dV5SYerU4X3z0j4obisqcE19yBd9tOl03o', 'content-type': 'text/html; charset=UTF-8', 'date': 'Mon, 26 Oct 2020 03:34:26 GMT', 'vary': 'Origin, X-Origin', 'expires': 'Mon, 26 Oct 2020 03:34:26 GMT', 'cache-control': 'private, max-age=0', 'content-length': '49', 'server': 'UploadServer', 'alt-svc': 'h3-Q050=":443"; ma=2592000,h3-29=":443"; ma=2592000,h3-T051=":443"; ma=2592000,h3-T050=":443"; ma=2592000,h3-Q046=":443"; ma=2592000,h3-Q043=":443"; ma=2592000,quic=":443"; ma=2592000; v="46,43"', 'status': '404'}>, content <No such object: runtime-builders/experiments.yaml>

During handling of the above exception, another exception occurred:

Traceback (most recent call last):
  File "/Users/colmlang/google-cloud-sdk/lib/googlecloudsdk/api_lib/app/runtime_builders.py", line 269, in _Read
    with contextlib.closing(storage_client.ReadObject(object_)) as f:
  File "/Users/colmlang/google-cloud-sdk/lib/googlecloudsdk/api_lib/storage/storage_api.py", line 305, in ReadObject
    object_=object_ref, err=http_exc.HttpException(err)))
googlecloudsdk.calliope.exceptions.BadFileException: Could not read [<googlecloudsdk.api_lib.storage.storage_util.ObjectReference object at 0x10d019150>]. Please retry: HTTPError 404: No such object: runtime-builders/experiments.yaml

During handling of the above exception, another exception occurred:

Traceback (most recent call last):
  File "/Users/colmlang/google-cloud-sdk/lib/googlecloudsdk/api_lib/app/runtime_builders.py", line 518, in LoadFromURI
    with _Read(uri) as f:
  File "/usr/local/Cellar/python@3.7/3.7.9/Frameworks/Python.framework/Versions/3.7/lib/python3.7/contextlib.py", line 112, in __enter__
    return next(self.gen)
  File "/Users/colmlang/google-cloud-sdk/lib/googlecloudsdk/api_lib/app/runtime_builders.py", line 276, in _Read
    raise FileReadError(six.text_type(e))
googlecloudsdk.api_lib.app.runtime_builders.FileReadError: Could not read [<googlecloudsdk.api_lib.storage.storage_util.ObjectReference object at 0x10d019150>]. Please retry: HTTPError 404: No such object: runtime-builders/experiments.yaml

During handling of the above exception, another exception occurred:

Traceback (most recent call last):
  File "/Users/colmlang/google-cloud-sdk/lib/surface/app/deploy.py", line 138, in _ServerSideExperimentEnabled
    runtimes_builder_root)
  File "/Users/colmlang/google-cloud-sdk/lib/googlecloudsdk/api_lib/app/runtime_builders.py", line 524, in LoadFromURI
    .format(uri, e))
googlecloudsdk.api_lib.app.runtime_builders.ExperimentsError: Unable to read the runtimes experiment config: [gs://runtime-builders/experiments.yaml], error: Could not read [<googlecloudsdk.api_lib.storage.storage_util.ObjectReference object at 0x10d019150>]. Please retry: HTTPError 404: No such object: runtime-builders/experiments.yaml
2020-10-25 20:34:26,629 DEBUG    root            API endpoint: [https://appengine.googleapis.com/], API version: [v1]
2020-10-25 20:34:26,649 INFO     oauth2client.client Refreshing access_token
2020-10-25 20:34:27,288 INFO     ___FILE_ONLY___ Services to deploy:


2020-10-25 20:34:27,288 INFO     ___FILE_ONLY___ descriptor:      [/Users/colmlang/IdeaProjects/mastermindapi-colmpat/target/appengine-staging/app.yaml]
source:          [/Users/colmlang/IdeaProjects/mastermindapi-colmpat/target/appengine-staging]
target project:  [mastermindapi-colmpat]
target service:  [default]
target version:  [20201025t203427]
target url:      [https://mastermindapi-colmpat.wl.r.appspot.com]



2020-10-25 20:34:27,288 DEBUG    root            No bucket specified, retrieving default bucket.
2020-10-25 20:34:27,290 DEBUG    root            Using bucket [gs://staging.mastermindapi-colmpat.appspot.com].
2020-10-25 20:34:27,454 INFO     ___FILE_ONLY___ Beginning deployment of service [default]...

2020-10-25 20:34:27,455 INFO     root            Ignoring file [app.yaml]: File matches ignore regex.
2020-10-25 20:34:27,894 DEBUG    root            Skipping upload of [mastermind.jsp]
2020-10-25 20:34:27,894 INFO     root            Incremental upload skipped 100.0% of data
2020-10-25 20:34:27,894 DEBUG    root            Skipping upload of [WEB-INF/appengine-web.xml]
2020-10-25 20:34:27,894 INFO     root            Incremental upload skipped 100.0% of data
2020-10-25 20:34:27,894 DEBUG    root            Skipping upload of [WEB-INF/min-quickstart-web.xml]
2020-10-25 20:34:27,894 INFO     root            Incremental upload skipped 100.0% of data
2020-10-25 20:34:27,895 DEBUG    root            Skipping upload of [WEB-INF/quickstart-web.xml]
2020-10-25 20:34:27,895 INFO     root            Incremental upload skipped 100.0% of data
2020-10-25 20:34:27,895 DEBUG    root            Skipping upload of [WEB-INF/web.xml]
2020-10-25 20:34:27,895 INFO     root            Incremental upload skipped 100.0% of data
2020-10-25 20:34:27,895 DEBUG    root            Skipping upload of [WEB-INF/lib/_ah_compiled_jsps-0000.jar]
2020-10-25 20:34:27,895 INFO     root            Incremental upload skipped 100.0% of data
2020-10-25 20:34:27,895 DEBUG    root            Skipping upload of [WEB-INF/lib/appengine-api-1.0-sdk-1.9.69.jar]
2020-10-25 20:34:27,895 INFO     root            Incremental upload skipped 100.0% of data
2020-10-25 20:34:27,895 DEBUG    root            Skipping upload of [WEB-INF/lib/gson-2.7.jar]
2020-10-25 20:34:27,895 INFO     root            Incremental upload skipped 100.0% of data
2020-10-25 20:34:27,895 DEBUG    root            Skipping upload of [WEB-INF/lib/org.apache.taglibs.taglibs-standard-impl-1.2.5.jar]
2020-10-25 20:34:27,895 INFO     root            Incremental upload skipped 100.0% of data
2020-10-25 20:34:27,896 DEBUG    root            Skipping upload of [WEB-INF/lib/org.apache.taglibs.taglibs-standard-spec-1.2.5.jar]
2020-10-25 20:34:27,896 INFO     root            Incremental upload skipped 100.0% of data
2020-10-25 20:34:27,896 DEBUG    root            Skipping upload of [WEB-INF/lib/org.eclipse.jdt.ecj-3.19.0.jar]
2020-10-25 20:34:27,896 INFO     root            Incremental upload skipped 100.0% of data
2020-10-25 20:34:27,896 DEBUG    root            Skipping upload of [WEB-INF/lib/org.eclipse.jetty.apache-jsp-9.4.27.v20200227-nolog.jar]
2020-10-25 20:34:27,896 INFO     root            Incremental upload skipped 100.0% of data
2020-10-25 20:34:27,896 DEBUG    root            Skipping upload of [WEB-INF/lib/org.mortbay.jasper.apache-el-8.5.49.jar]
2020-10-25 20:34:27,896 INFO     root            Incremental upload skipped 100.0% of data
2020-10-25 20:34:27,896 DEBUG    root            Skipping upload of [WEB-INF/lib/org.mortbay.jasper.apache-jsp-8.5.49.jar]
2020-10-25 20:34:27,896 INFO     root            Incremental upload skipped 100.0% of data
2020-10-25 20:34:27,896 INFO     root            Incremental upload skipped 100.0% of data
2020-10-25 20:34:27,897 DEBUG    root            Skipping upload of [WEB-INF/classes/com/example/appengine/java8/MMResponse.class]
2020-10-25 20:34:27,897 INFO     root            Incremental upload skipped 100.0% of data
2020-10-25 20:34:27,897 DEBUG    root            Skipping upload of [WEB-INF/classes/com/example/appengine/java8/Mastermind.class]
2020-10-25 20:34:27,897 INFO     root            Incremental upload skipped 100.0% of data
2020-10-25 20:34:27,897 DEBUG    root            Skipping upload of [WEB-INF/classes/com/example/appengine/java8/MastermindHomeServlet.class]
2020-10-25 20:34:27,897 INFO     root            Incremental upload skipped 100.0% of data
2020-10-25 20:34:27,897 DEBUG    root            Skipping upload of [WEB-INF/classes/com/example/appengine/java8/NewGameServlet.class]
2020-10-25 20:34:27,897 INFO     root            Incremental upload skipped 100.0% of data
2020-10-25 20:34:27,897 DEBUG    root            Skipping upload of [WEB-INF/classes/com/example/appengine/java8/ProcessGuessServlet.class]
2020-10-25 20:34:27,897 INFO     root            Incremental upload skipped 100.0% of data
2020-10-25 20:34:27,897 DEBUG    root            Skipping upload of [WEB-INF/appengine-generated/app.yaml]
2020-10-25 20:34:27,897 INFO     root            Incremental upload skipped 100.0% of data
2020-10-25 20:34:27,898 INFO     root            Incremental upload skipped 100.0% of data
2020-10-25 20:34:27,898 DEBUG    root            Uploading 2 files to Google Cloud Storage
2020-10-25 20:34:27,898 DEBUG    root            Using [16] threads
2020-10-25 20:34:27,898 INFO     ___FILE_ONLY___ ╔════════════════════════════════════════════════════════════╗

2020-10-25 20:34:27,898 INFO     ___FILE_ONLY___ ╠═ Uploading 2 files to Google Cloud Storage                ═╣

2020-10-25 20:34:27,899 INFO     ___FILE_ONLY___ ╚
2020-10-25 20:34:27,908 INFO     root            Uploading [/Users/colmlang/IdeaProjects/mastermindapi-colmpat/target/appengine-staging/WEB-INF/classes/source-context.json] to [staging.mastermindapi-colmpat.appspot.com/3265e66f01e0d68123e05d1b444cfafe8ef36722]
2020-10-25 20:34:27,911 INFO     root            Uploading [/var/folders/c7/4x3qpx6j0y18zh419gklg5kh0000gn/T/tmp90xe4dnc/source-context.json] to [staging.mastermindapi-colmpat.appspot.com/a8b1d7f682ce49f87a65b4cd47d15dfc8148a5e1]
2020-10-25 20:34:28,131 INFO     ___FILE_ONLY___ ══════════════════════════════
2020-10-25 20:34:28,161 INFO     ___FILE_ONLY___ ══════════════════════════════
2020-10-25 20:34:28,161 INFO     ___FILE_ONLY___ ╝

2020-10-25 20:34:28,173 INFO     ___FILE_ONLY___ File upload done.

2020-10-25 20:34:28,173 INFO     root            Manifest: [{'mastermind.jsp': {'sourceUrl': 'https://storage.googleapis.com/staging.mastermindapi-colmpat.appspot.com/d43da519cc4afa6a979010ffb961323791104419', 'sha1Sum': 'd43da519cc4afa6a979010ffb961323791104419'}, 'WEB-INF/appengine-web.xml': {'sourceUrl': 'https://storage.googleapis.com/staging.mastermindapi-colmpat.appspot.com/270125624090a4b36d85cfad2d8f711b7709fa23', 'sha1Sum': '270125624090a4b36d85cfad2d8f711b7709fa23'}, 'WEB-INF/min-quickstart-web.xml': {'sourceUrl': 'https://storage.googleapis.com/staging.mastermindapi-colmpat.appspot.com/865ab9fceed9610e20f0df70bc521e850e13ad5e', 'sha1Sum': '865ab9fceed9610e20f0df70bc521e850e13ad5e'}, 'WEB-INF/quickstart-web.xml': {'sourceUrl': 'https://storage.googleapis.com/staging.mastermindapi-colmpat.appspot.com/719acac4329cbad69a3c67c255666b910f24f7e1', 'sha1Sum': '719acac4329cbad69a3c67c255666b910f24f7e1'}, 'WEB-INF/web.xml': {'sourceUrl': 'https://storage.googleapis.com/staging.mastermindapi-colmpat.appspot.com/9a771dceb5751ce43c5fdb53d1916d2396e58ba8', 'sha1Sum': '9a771dceb5751ce43c5fdb53d1916d2396e58ba8'}, 'WEB-INF/lib/_ah_compiled_jsps-0000.jar': {'sourceUrl': 'https://storage.googleapis.com/staging.mastermindapi-colmpat.appspot.com/b77a3795a83180e2d75f27ac8cbc31ca1446efaa', 'sha1Sum': 'b77a3795a83180e2d75f27ac8cbc31ca1446efaa'}, 'WEB-INF/lib/appengine-api-1.0-sdk-1.9.69.jar': {'sourceUrl': 'https://storage.googleapis.com/staging.mastermindapi-colmpat.appspot.com/ea55839ee0a4ed134c9412f9b767cb46c59bc8f8', 'sha1Sum': 'ea55839ee0a4ed134c9412f9b767cb46c59bc8f8'}, 'WEB-INF/lib/gson-2.7.jar': {'sourceUrl': 'https://storage.googleapis.com/staging.mastermindapi-colmpat.appspot.com/751f548c85fa49f330cecbb1875893f971b33c4e', 'sha1Sum': '751f548c85fa49f330cecbb1875893f971b33c4e'}, 'WEB-INF/lib/org.apache.taglibs.taglibs-standard-impl-1.2.5.jar': {'sourceUrl': 'https://storage.googleapis.com/staging.mastermindapi-colmpat.appspot.com/9b9783ccb2a323383e6e20e36d368f8997b71967', 'sha1Sum': '9b9783ccb2a323383e6e20e36d368f8997b71967'}, 'WEB-INF/lib/org.apache.taglibs.taglibs-standard-spec-1.2.5.jar': {'sourceUrl': 'https://storage.googleapis.com/staging.mastermindapi-colmpat.appspot.com/c3bb98c30f75fef1e229d1d03cf8457de22f1ba0', 'sha1Sum': 'c3bb98c30f75fef1e229d1d03cf8457de22f1ba0'}, 'WEB-INF/lib/org.eclipse.jdt.ecj-3.19.0.jar': {'sourceUrl': 'https://storage.googleapis.com/staging.mastermindapi-colmpat.appspot.com/99ccdf7b2a75afb720270ab888bb21d6159ee631', 'sha1Sum': '99ccdf7b2a75afb720270ab888bb21d6159ee631'}, 'WEB-INF/lib/org.eclipse.jetty.apache-jsp-9.4.27.v20200227-nolog.jar': {'sourceUrl': 'https://storage.googleapis.com/staging.mastermindapi-colmpat.appspot.com/ca022b3c1e110c59ac0ba43d1ea93d0dbb9c0c76', 'sha1Sum': 'ca022b3c1e110c59ac0ba43d1ea93d0dbb9c0c76'}, 'WEB-INF/lib/org.mortbay.jasper.apache-el-8.5.49.jar': {'sourceUrl': 'https://storage.googleapis.com/staging.mastermindapi-colmpat.appspot.com/d2550406481e61df12fddb51c3a92922e78fbaa4', 'sha1Sum': 'd2550406481e61df12fddb51c3a92922e78fbaa4'}, 'WEB-INF/lib/org.mortbay.jasper.apache-jsp-8.5.49.jar': {'sourceUrl': 'https://storage.googleapis.com/staging.mastermindapi-colmpat.appspot.com/f7df00a600ed147b7c8a7bdcc8cc4ffab203e5f2', 'sha1Sum': 'f7df00a600ed147b7c8a7bdcc8cc4ffab203e5f2'}, 'WEB-INF/classes/source-context.json': {'sourceUrl': 'https://storage.googleapis.com/staging.mastermindapi-colmpat.appspot.com/3265e66f01e0d68123e05d1b444cfafe8ef36722', 'sha1Sum': '3265e66f01e0d68123e05d1b444cfafe8ef36722'}, 'WEB-INF/classes/com/example/appengine/java8/MMResponse.class': {'sourceUrl': 'https://storage.googleapis.com/staging.mastermindapi-colmpat.appspot.com/900ea07433d07e1b2bf59886e8b8a170f04f9885', 'sha1Sum': '900ea07433d07e1b2bf59886e8b8a170f04f9885'}, 'WEB-INF/classes/com/example/appengine/java8/Mastermind.class': {'sourceUrl': 'https://storage.googleapis.com/staging.mastermindapi-colmpat.appspot.com/72c903f4fe82a36dd84c94a0b2ab5d623f76acc3', 'sha1Sum': '72c903f4fe82a36dd84c94a0b2ab5d623f76acc3'}, 'WEB-INF/classes/com/example/appengine/java8/MastermindHomeServlet.class': {'sourceUrl': 'https://storage.googleapis.com/staging.mastermindapi-colmpat.appspot.com/2ad615758b0bb0f46a450f3ebc9af54f6a63b914', 'sha1Sum': '2ad615758b0bb0f46a450f3ebc9af54f6a63b914'}, 'WEB-INF/classes/com/example/appengine/java8/NewGameServlet.class': {'sourceUrl': 'https://storage.googleapis.com/staging.mastermindapi-colmpat.appspot.com/abc9b5cca53c45b3ae1bc1e5926cfe091c6f7b22', 'sha1Sum': 'abc9b5cca53c45b3ae1bc1e5926cfe091c6f7b22'}, 'WEB-INF/classes/com/example/appengine/java8/ProcessGuessServlet.class': {'sourceUrl': 'https://storage.googleapis.com/staging.mastermindapi-colmpat.appspot.com/78d4fd1f4a4955ca62719d115bf2c543d1c96991', 'sha1Sum': '78d4fd1f4a4955ca62719d115bf2c543d1c96991'}, 'WEB-INF/appengine-generated/app.yaml': {'sourceUrl': 'https://storage.googleapis.com/staging.mastermindapi-colmpat.appspot.com/9692b2769ec0489ea7b8c495d4c3d1ec0e332cc5', 'sha1Sum': '9692b2769ec0489ea7b8c495d4c3d1ec0e332cc5'}, 'source-context.json': {'sourceUrl': 'https://storage.googleapis.com/staging.mastermindapi-colmpat.appspot.com/a8b1d7f682ce49f87a65b4cd47d15dfc8148a5e1', 'sha1Sum': 'a8b1d7f682ce49f87a65b4cd47d15dfc8148a5e1'}}]
2020-10-25 20:34:28,175 DEBUG    root            Converted YAML to JSON: "{
  "betaSettings": {
    "auto_id_policy": "default"
  },
  "entrypoint": {
    "shell": ""
  },
  "handlers": [
    {
      "script": {
        "scriptPath": "unused"
      },
      "securityLevel": "SECURE_OPTIONAL",
      "urlRegex": "/.*"
    }
  ],
  "inboundServices": [
    "INBOUND_SERVICE_WARMUP"
  ],
  "runtime": "java8",
  "runtimeApiVersion": "user_defined",
  "threadsafe": true
}"
2020-10-25 20:34:28,824 DEBUG    root            Operation [apps/mastermindapi-colmpat/operations/48e91e01-1253-4565-93ec-fadc156a4d23] not complete. Waiting to retry.
2020-10-25 20:34:28,825 INFO     ___FILE_ONLY___ Updating service [default]...
2020-10-25 20:34:29,962 DEBUG    root            Operation [apps/mastermindapi-colmpat/operations/48e91e01-1253-4565-93ec-fadc156a4d23] not complete. Waiting to retry.
2020-10-25 20:34:35,202 DEBUG    root            Operation [apps/mastermindapi-colmpat/operations/48e91e01-1253-4565-93ec-fadc156a4d23] not complete. Waiting to retry.
2020-10-25 20:34:41,258 DEBUG    root            Operation [apps/mastermindapi-colmpat/operations/48e91e01-1253-4565-93ec-fadc156a4d23] not complete. Waiting to retry.
2020-10-25 20:34:47,100 DEBUG    root            Operation [apps/mastermindapi-colmpat/operations/48e91e01-1253-4565-93ec-fadc156a4d23] not complete. Waiting to retry.
2020-10-25 20:34:52,745 DEBUG    root            Operation [apps/mastermindapi-colmpat/operations/48e91e01-1253-4565-93ec-fadc156a4d23] not complete. Waiting to retry.
2020-10-25 20:34:58,049 DEBUG    root            Operation [apps/mastermindapi-colmpat/operations/48e91e01-1253-4565-93ec-fadc156a4d23] complete. Result: {
    "done": true,
    "metadata": {
        "@type": "type.googleapis.com/google.appengine.v1.OperationMetadataV1",
        "endTime": "2020-10-26T03:34:57.821Z",
        "insertTime": "2020-10-26T03:34:28.672Z",
        "method": "google.appengine.v1.Versions.CreateVersion",
        "target": "apps/mastermindapi-colmpat/services/default/versions/20201025t203427",
        "user": "colmplang@gmail.com"
    },
    "name": "apps/mastermindapi-colmpat/operations/48e91e01-1253-4565-93ec-fadc156a4d23",
    "response": {
        "@type": "type.googleapis.com/google.appengine.v1.Version",
        "createTime": "2020-10-26T03:34:55Z",
        "env": "standard",
        "id": "20201025t203427",
        "inboundServices": [
            "INBOUND_SERVICE_WARMUP"
        ],
        "instanceClass": "F1",
        "name": "apps/mastermindapi-colmpat/services/default/versions/20201025t203427",
        "network": {},
        "runtime": "java8",
        "runtimeApiVersion": "user_defined",
        "servingStatus": "SERVING",
        "threadsafe": true,
        "versionUrl": "https://20201025t203427-dot-mastermindapi-colmpat.appspot.com"
    }
}
2020-10-25 20:34:58,826 DEBUG    root            Operation [apps/mastermindapi-colmpat/operations/c026f881-b9f8-48d3-8fc1-3dc6633e372c] not complete. Waiting to retry.
2020-10-25 20:34:58,827 INFO     ___FILE_ONLY___ Setting traffic split for service [default]...
2020-10-25 20:34:59,939 DEBUG    root            Operation [apps/mastermindapi-colmpat/operations/c026f881-b9f8-48d3-8fc1-3dc6633e372c] not complete. Waiting to retry.
2020-10-25 20:35:05,161 DEBUG    root            Operation [apps/mastermindapi-colmpat/operations/c026f881-b9f8-48d3-8fc1-3dc6633e372c] complete. Result: {
    "done": true,
    "metadata": {
        "@type": "type.googleapis.com/google.appengine.v1.OperationMetadataV1",
        "endTime": "2020-10-26T03:35:03.822Z",
        "insertTime": "2020-10-26T03:34:58.661Z",
        "method": "google.appengine.v1.Services.UpdateService",
        "target": "apps/mastermindapi-colmpat/services/default",
        "user": "colmplang@gmail.com"
    },
    "name": "apps/mastermindapi-colmpat/operations/c026f881-b9f8-48d3-8fc1-3dc6633e372c",
    "response": {
        "@type": "type.googleapis.com/google.appengine.v1.Service",
        "id": "default",
        "name": "apps/mastermindapi-colmpat/services/default",
        "split": {
            "allocations": {
                "20201025t203427": 1
            }
        }
    }
}
2020-10-25 20:35:05,315 INFO     root            Previous default version [mastermindapi-colmpat/default/20201025t184735] is an automatically scaled standard environment app, so not stopping it.
2020-10-25 20:35:05,316 INFO     ___FILE_ONLY___ Deployed service [default] to [https://mastermindapi-colmpat.wl.r.appspot.com]

2020-10-25 20:35:05,316 INFO     ___FILE_ONLY___ 
You can stream logs from the command line by running:
  $ gcloud app logs tail -s default

2020-10-25 20:35:05,317 INFO     ___FILE_ONLY___ 
To view your application in the web browser run:
  $ gcloud app browse

2020-10-25 20:35:05,317 INFO     root            Display format: "none"
