2020-10-14 11:08:13,536 DEBUG    root            Loaded Command Group: ['gcloud', 'components']
2020-10-14 11:08:13,538 DEBUG    root            Loaded Command Group: ['gcloud', 'components', 'install']
2020-10-14 11:08:13,540 DEBUG    root            Running [gcloud.components.install] with arguments: [COMPONENT-IDS:1: "['app-engine-java']"]
2020-10-14 11:08:13,828 INFO     ___FILE_ONLY___ 

2020-10-14 11:08:13,829 INFO     ___FILE_ONLY___ 
Your current Cloud SDK version is: 314.0.0

2020-10-14 11:08:13,829 INFO     ___FILE_ONLY___ Installing components from version: 314.0.0

2020-10-14 11:08:13,829 INFO     ___FILE_ONLY___ 

2020-10-14 11:08:13,833 INFO     ___FILE_ONLY___ ┌───────────────────────────────────────────────────┐
2020-10-14 11:08:13,833 INFO     ___FILE_ONLY___ 

2020-10-14 11:08:13,833 INFO     ___FILE_ONLY___ │        These components will be installed.        │
2020-10-14 11:08:13,833 INFO     ___FILE_ONLY___ 

2020-10-14 11:08:13,833 INFO     ___FILE_ONLY___ ├──────────────────────────────┬─────────┬──────────┤
2020-10-14 11:08:13,834 INFO     ___FILE_ONLY___ 

2020-10-14 11:08:13,834 INFO     ___FILE_ONLY___ │             Name             │ Version │   Size   │
2020-10-14 11:08:13,834 INFO     ___FILE_ONLY___ 

2020-10-14 11:08:13,834 INFO     ___FILE_ONLY___ ├──────────────────────────────┼─────────┼──────────┤
2020-10-14 11:08:13,834 INFO     ___FILE_ONLY___ 

2020-10-14 11:08:13,834 INFO     ___FILE_ONLY___ │ 
2020-10-14 11:08:13,834 INFO     ___FILE_ONLY___ Cloud Datastore Emulator    
2020-10-14 11:08:13,834 INFO     ___FILE_ONLY___  
2020-10-14 11:08:13,834 INFO     ___FILE_ONLY___ │ 
2020-10-14 11:08:13,834 INFO     ___FILE_ONLY___   2.1.0
2020-10-14 11:08:13,834 INFO     ___FILE_ONLY___  
2020-10-14 11:08:13,834 INFO     ___FILE_ONLY___ │ 
2020-10-14 11:08:13,834 INFO     ___FILE_ONLY___ 18.4 MiB
2020-10-14 11:08:13,834 INFO     ___FILE_ONLY___  
2020-10-14 11:08:13,835 INFO     ___FILE_ONLY___ │
2020-10-14 11:08:13,835 INFO     ___FILE_ONLY___ 

2020-10-14 11:08:13,835 INFO     ___FILE_ONLY___ │ 
2020-10-14 11:08:13,835 INFO     ___FILE_ONLY___ gRPC python library         
2020-10-14 11:08:13,835 INFO     ___FILE_ONLY___  
2020-10-14 11:08:13,835 INFO     ___FILE_ONLY___ │ 
2020-10-14 11:08:13,835 INFO     ___FILE_ONLY___  1.20.0
2020-10-14 11:08:13,835 INFO     ___FILE_ONLY___  
2020-10-14 11:08:13,835 INFO     ___FILE_ONLY___ │ 
2020-10-14 11:08:13,835 INFO     ___FILE_ONLY___         
2020-10-14 11:08:13,835 INFO     ___FILE_ONLY___  
2020-10-14 11:08:13,835 INFO     ___FILE_ONLY___ │
2020-10-14 11:08:13,836 INFO     ___FILE_ONLY___ 

2020-10-14 11:08:13,836 INFO     ___FILE_ONLY___ │ 
2020-10-14 11:08:13,836 INFO     ___FILE_ONLY___ gRPC python library         
2020-10-14 11:08:13,836 INFO     ___FILE_ONLY___  
2020-10-14 11:08:13,836 INFO     ___FILE_ONLY___ │ 
2020-10-14 11:08:13,836 INFO     ___FILE_ONLY___  1.20.0
2020-10-14 11:08:13,836 INFO     ___FILE_ONLY___  
2020-10-14 11:08:13,836 INFO     ___FILE_ONLY___ │ 
2020-10-14 11:08:13,836 INFO     ___FILE_ONLY___  1.9 MiB
2020-10-14 11:08:13,836 INFO     ___FILE_ONLY___  
2020-10-14 11:08:13,836 INFO     ___FILE_ONLY___ │
2020-10-14 11:08:13,836 INFO     ___FILE_ONLY___ 

2020-10-14 11:08:13,836 INFO     ___FILE_ONLY___ │ 
2020-10-14 11:08:13,836 INFO     ___FILE_ONLY___ gcloud app Java Extensions  
2020-10-14 11:08:13,837 INFO     ___FILE_ONLY___  
2020-10-14 11:08:13,837 INFO     ___FILE_ONLY___ │ 
2020-10-14 11:08:13,837 INFO     ___FILE_ONLY___  1.9.82
2020-10-14 11:08:13,837 INFO     ___FILE_ONLY___  
2020-10-14 11:08:13,837 INFO     ___FILE_ONLY___ │ 
2020-10-14 11:08:13,837 INFO     ___FILE_ONLY___ 59.5 MiB
2020-10-14 11:08:13,837 INFO     ___FILE_ONLY___  
2020-10-14 11:08:13,837 INFO     ___FILE_ONLY___ │
2020-10-14 11:08:13,837 INFO     ___FILE_ONLY___ 

2020-10-14 11:08:13,837 INFO     ___FILE_ONLY___ │ 
2020-10-14 11:08:13,837 INFO     ___FILE_ONLY___ gcloud app Python Extensions
2020-10-14 11:08:13,837 INFO     ___FILE_ONLY___  
2020-10-14 11:08:13,837 INFO     ___FILE_ONLY___ │ 
2020-10-14 11:08:13,838 INFO     ___FILE_ONLY___  1.9.91
2020-10-14 11:08:13,838 INFO     ___FILE_ONLY___  
2020-10-14 11:08:13,838 INFO     ___FILE_ONLY___ │ 
2020-10-14 11:08:13,838 INFO     ___FILE_ONLY___  6.1 MiB
2020-10-14 11:08:13,838 INFO     ___FILE_ONLY___  
2020-10-14 11:08:13,838 INFO     ___FILE_ONLY___ │
2020-10-14 11:08:13,838 INFO     ___FILE_ONLY___ 

2020-10-14 11:08:13,838 INFO     ___FILE_ONLY___ └──────────────────────────────┴─────────┴──────────┘
2020-10-14 11:08:13,838 INFO     ___FILE_ONLY___ 

2020-10-14 11:08:13,838 INFO     ___FILE_ONLY___ 

2020-10-14 11:08:14,143 INFO     ___FILE_ONLY___ For the latest full release notes, please visit:
  https://cloud.google.com/sdk/release_notes


2020-10-14 11:08:19,263 INFO     ___FILE_ONLY___ ╔════════════════════════════════════════════════════════════╗

2020-10-14 11:08:19,264 INFO     ___FILE_ONLY___ ╠═ Creating update staging area                             ═╣

2020-10-14 11:08:19,264 INFO     ___FILE_ONLY___ ╚
2020-10-14 11:08:19,264 INFO     ___FILE_ONLY___ ══════
2020-10-14 11:08:19,264 INFO     ___FILE_ONLY___ ══════
2020-10-14 11:08:19,264 INFO     ___FILE_ONLY___ ══════
2020-10-14 11:08:19,728 INFO     ___FILE_ONLY___ ═
2020-10-14 11:08:19,814 INFO     ___FILE_ONLY___ ═
2020-10-14 11:08:19,882 INFO     ___FILE_ONLY___ ═
2020-10-14 11:08:19,980 INFO     ___FILE_ONLY___ ═
2020-10-14 11:08:20,067 INFO     ___FILE_ONLY___ ═
2020-10-14 11:08:20,164 INFO     ___FILE_ONLY___ ═
2020-10-14 11:08:20,273 INFO     ___FILE_ONLY___ ═
2020-10-14 11:08:20,464 INFO     ___FILE_ONLY___ ═
2020-10-14 11:08:20,547 INFO     ___FILE_ONLY___ ═
2020-10-14 11:08:20,620 INFO     ___FILE_ONLY___ ═
2020-10-14 11:08:20,680 INFO     ___FILE_ONLY___ ═
2020-10-14 11:08:20,745 INFO     ___FILE_ONLY___ ═
2020-10-14 11:08:20,818 INFO     ___FILE_ONLY___ ═
2020-10-14 11:08:20,891 INFO     ___FILE_ONLY___ ═
2020-10-14 11:08:20,960 INFO     ___FILE_ONLY___ ═
2020-10-14 11:08:21,044 INFO     ___FILE_ONLY___ ═
2020-10-14 11:08:21,126 INFO     ___FILE_ONLY___ ═
2020-10-14 11:08:21,210 INFO     ___FILE_ONLY___ ═
2020-10-14 11:08:21,315 INFO     ___FILE_ONLY___ ═
2020-10-14 11:08:21,395 INFO     ___FILE_ONLY___ ═
2020-10-14 11:08:21,471 INFO     ___FILE_ONLY___ ═
2020-10-14 11:08:21,549 INFO     ___FILE_ONLY___ ═
2020-10-14 11:08:21,638 INFO     ___FILE_ONLY___ ═
2020-10-14 11:08:21,717 INFO     ___FILE_ONLY___ ═
2020-10-14 11:08:21,797 INFO     ___FILE_ONLY___ ═
2020-10-14 11:08:21,888 INFO     ___FILE_ONLY___ ═
2020-10-14 11:08:22,031 INFO     ___FILE_ONLY___ ═
2020-10-14 11:08:22,130 INFO     ___FILE_ONLY___ ═
2020-10-14 11:08:22,216 INFO     ___FILE_ONLY___ ═
2020-10-14 11:08:22,298 INFO     ___FILE_ONLY___ ═
2020-10-14 11:08:22,397 INFO     ___FILE_ONLY___ ═
2020-10-14 11:08:22,524 INFO     ___FILE_ONLY___ ═
2020-10-14 11:08:22,657 INFO     ___FILE_ONLY___ ═
2020-10-14 11:08:22,895 INFO     ___FILE_ONLY___ ═
2020-10-14 11:08:22,950 INFO     ___FILE_ONLY___ ═
2020-10-14 11:08:22,993 INFO     ___FILE_ONLY___ ═
2020-10-14 11:08:23,027 INFO     ___FILE_ONLY___ ═
2020-10-14 11:08:23,062 INFO     ___FILE_ONLY___ ═
2020-10-14 11:08:23,096 INFO     ___FILE_ONLY___ ═
2020-10-14 11:08:23,128 INFO     ___FILE_ONLY___ ═
2020-10-14 11:08:23,164 INFO     ___FILE_ONLY___ ═
2020-10-14 11:08:23,249 INFO     ___FILE_ONLY___ ═
2020-10-14 11:08:23,249 INFO     ___FILE_ONLY___ ╝
2020-10-14 11:08:23,636 INFO     ___FILE_ONLY___ ╠════════════════════════════════════════════════════════════╣

2020-10-14 11:08:23,636 INFO     ___FILE_ONLY___ ╠═ Installing: Cloud Datastore Emulator                     ═╣

2020-10-14 11:08:23,636 INFO     ___FILE_ONLY___ ╚
2020-10-14 11:08:23,967 INFO     ___FILE_ONLY___ ═
2020-10-14 11:08:24,028 INFO     ___FILE_ONLY___ ═
2020-10-14 11:08:24,088 INFO     ___FILE_ONLY___ ═
2020-10-14 11:08:24,150 INFO     ___FILE_ONLY___ ═
2020-10-14 11:08:24,276 INFO     ___FILE_ONLY___ ═
2020-10-14 11:08:24,469 INFO     ___FILE_ONLY___ ═
2020-10-14 11:08:24,588 INFO     ___FILE_ONLY___ ═
2020-10-14 11:08:24,645 INFO     ___FILE_ONLY___ ═
2020-10-14 11:08:24,703 INFO     ___FILE_ONLY___ ═
2020-10-14 11:08:24,765 INFO     ___FILE_ONLY___ ═
2020-10-14 11:08:24,824 INFO     ___FILE_ONLY___ ═
2020-10-14 11:08:24,884 INFO     ___FILE_ONLY___ ═
2020-10-14 11:08:24,943 INFO     ___FILE_ONLY___ ═
2020-10-14 11:08:25,002 INFO     ___FILE_ONLY___ ═
2020-10-14 11:08:25,063 INFO     ___FILE_ONLY___ ═
2020-10-14 11:08:25,124 INFO     ___FILE_ONLY___ ═
2020-10-14 11:08:25,181 INFO     ___FILE_ONLY___ ═
2020-10-14 11:08:25,242 INFO     ___FILE_ONLY___ ═
2020-10-14 11:08:25,300 INFO     ___FILE_ONLY___ ═
2020-10-14 11:08:25,361 INFO     ___FILE_ONLY___ ═
2020-10-14 11:08:25,420 INFO     ___FILE_ONLY___ ═
2020-10-14 11:08:25,480 INFO     ___FILE_ONLY___ ═
2020-10-14 11:08:25,540 INFO     ___FILE_ONLY___ ═
2020-10-14 11:08:25,598 INFO     ___FILE_ONLY___ ═
2020-10-14 11:08:25,660 INFO     ___FILE_ONLY___ ═
2020-10-14 11:08:25,719 INFO     ___FILE_ONLY___ ═
2020-10-14 11:08:25,779 INFO     ___FILE_ONLY___ ═
2020-10-14 11:08:25,848 INFO     ___FILE_ONLY___ ═
2020-10-14 11:08:25,897 INFO     ___FILE_ONLY___ ═
2020-10-14 11:08:25,957 INFO     ___FILE_ONLY___ ═
2020-10-14 11:08:26,056 INFO     ___FILE_ONLY___ ══════
2020-10-14 11:08:26,056 INFO     ___FILE_ONLY___ ══════
2020-10-14 11:08:26,056 INFO     ___FILE_ONLY___ ══════
2020-10-14 11:08:26,057 INFO     ___FILE_ONLY___ ══════
2020-10-14 11:08:26,184 INFO     ___FILE_ONLY___ ══════
2020-10-14 11:08:26,185 INFO     ___FILE_ONLY___ ╝
2020-10-14 11:08:26,189 INFO     ___FILE_ONLY___ ╠════════════════════════════════════════════════════════════╣

2020-10-14 11:08:26,189 INFO     ___FILE_ONLY___ ╠═ Installing: gRPC python library                          ═╣

2020-10-14 11:08:26,189 INFO     ___FILE_ONLY___ ╚
2020-10-14 11:08:26,191 INFO     ___FILE_ONLY___ ════════════════════════════════════════════════════════════
2020-10-14 11:08:26,191 INFO     ___FILE_ONLY___ ╝
2020-10-14 11:08:26,192 INFO     ___FILE_ONLY___ ╠════════════════════════════════════════════════════════════╣

2020-10-14 11:08:26,192 INFO     ___FILE_ONLY___ ╠═ Installing: gRPC python library                          ═╣

2020-10-14 11:08:26,192 INFO     ___FILE_ONLY___ ╚
2020-10-14 11:08:26,446 INFO     ___FILE_ONLY___ ═
2020-10-14 11:08:26,468 INFO     ___FILE_ONLY___ ═
2020-10-14 11:08:26,484 INFO     ___FILE_ONLY___ ═
2020-10-14 11:08:26,498 INFO     ___FILE_ONLY___ ═
2020-10-14 11:08:26,509 INFO     ___FILE_ONLY___ ═
2020-10-14 11:08:26,516 INFO     ___FILE_ONLY___ ═
2020-10-14 11:08:26,524 INFO     ___FILE_ONLY___ ═
2020-10-14 11:08:26,535 INFO     ___FILE_ONLY___ ═
2020-10-14 11:08:26,545 INFO     ___FILE_ONLY___ ═
2020-10-14 11:08:26,553 INFO     ___FILE_ONLY___ ═
2020-10-14 11:08:26,565 INFO     ___FILE_ONLY___ ═
2020-10-14 11:08:26,568 INFO     ___FILE_ONLY___ ═
2020-10-14 11:08:26,573 INFO     ___FILE_ONLY___ ═
2020-10-14 11:08:26,577 INFO     ___FILE_ONLY___ ═
2020-10-14 11:08:26,584 INFO     ___FILE_ONLY___ ═
2020-10-14 11:08:26,589 INFO     ___FILE_ONLY___ ═
2020-10-14 11:08:26,596 INFO     ___FILE_ONLY___ ═
2020-10-14 11:08:26,602 INFO     ___FILE_ONLY___ ═
2020-10-14 11:08:26,607 INFO     ___FILE_ONLY___ ═
2020-10-14 11:08:26,613 INFO     ___FILE_ONLY___ ═
2020-10-14 11:08:26,619 INFO     ___FILE_ONLY___ ═
2020-10-14 11:08:26,626 INFO     ___FILE_ONLY___ ═
2020-10-14 11:08:26,632 INFO     ___FILE_ONLY___ ═
2020-10-14 11:08:26,638 INFO     ___FILE_ONLY___ ═
2020-10-14 11:08:26,643 INFO     ___FILE_ONLY___ ═
2020-10-14 11:08:26,654 INFO     ___FILE_ONLY___ ═
2020-10-14 11:08:26,657 INFO     ___FILE_ONLY___ ═
2020-10-14 11:08:26,661 INFO     ___FILE_ONLY___ ═
2020-10-14 11:08:26,668 INFO     ___FILE_ONLY___ ═
2020-10-14 11:08:26,678 INFO     ___FILE_ONLY___ ═
2020-10-14 11:08:26,713 INFO     ___FILE_ONLY___ ═
2020-10-14 11:08:26,714 INFO     ___FILE_ONLY___ ═
2020-10-14 11:08:26,715 INFO     ___FILE_ONLY___ ═
2020-10-14 11:08:26,715 INFO     ___FILE_ONLY___ ═
2020-10-14 11:08:26,717 INFO     ___FILE_ONLY___ ═
2020-10-14 11:08:26,718 INFO     ___FILE_ONLY___ ═
2020-10-14 11:08:26,719 INFO     ___FILE_ONLY___ ═
2020-10-14 11:08:26,719 INFO     ___FILE_ONLY___ ═
2020-10-14 11:08:26,720 INFO     ___FILE_ONLY___ ═
2020-10-14 11:08:26,721 INFO     ___FILE_ONLY___ ═
2020-10-14 11:08:26,722 INFO     ___FILE_ONLY___ ═
2020-10-14 11:08:26,722 INFO     ___FILE_ONLY___ ═
2020-10-14 11:08:26,723 INFO     ___FILE_ONLY___ ═
2020-10-14 11:08:26,724 INFO     ___FILE_ONLY___ ═
2020-10-14 11:08:26,725 INFO     ___FILE_ONLY___ ═
2020-10-14 11:08:26,725 INFO     ___FILE_ONLY___ ═
2020-10-14 11:08:26,761 INFO     ___FILE_ONLY___ ═
2020-10-14 11:08:26,762 INFO     ___FILE_ONLY___ ═
2020-10-14 11:08:26,763 INFO     ___FILE_ONLY___ ═
2020-10-14 11:08:26,764 INFO     ___FILE_ONLY___ ═
2020-10-14 11:08:26,765 INFO     ___FILE_ONLY___ ═
2020-10-14 11:08:26,766 INFO     ___FILE_ONLY___ ═
2020-10-14 11:08:26,766 INFO     ___FILE_ONLY___ ═
2020-10-14 11:08:26,767 INFO     ___FILE_ONLY___ ═
2020-10-14 11:08:26,768 INFO     ___FILE_ONLY___ ═
2020-10-14 11:08:26,769 INFO     ___FILE_ONLY___ ═
2020-10-14 11:08:26,770 INFO     ___FILE_ONLY___ ═
2020-10-14 11:08:26,770 INFO     ___FILE_ONLY___ ═
2020-10-14 11:08:26,771 INFO     ___FILE_ONLY___ ═
2020-10-14 11:08:26,772 INFO     ___FILE_ONLY___ ═
2020-10-14 11:08:26,772 INFO     ___FILE_ONLY___ ╝
2020-10-14 11:08:26,776 INFO     ___FILE_ONLY___ ╠════════════════════════════════════════════════════════════╣

2020-10-14 11:08:26,776 INFO     ___FILE_ONLY___ ╠═ Installing: gcloud app Java Extensions                   ═╣

2020-10-14 11:08:26,776 INFO     ___FILE_ONLY___ ╚
2020-10-14 11:08:27,231 INFO     ___FILE_ONLY___ ═
2020-10-14 11:08:27,426 INFO     ___FILE_ONLY___ ═
2020-10-14 11:08:27,619 INFO     ___FILE_ONLY___ ═
2020-10-14 11:08:27,812 INFO     ___FILE_ONLY___ ═
2020-10-14 11:08:28,006 INFO     ___FILE_ONLY___ ═
2020-10-14 11:08:28,202 INFO     ___FILE_ONLY___ ═
2020-10-14 11:08:28,396 INFO     ___FILE_ONLY___ ═
2020-10-14 11:08:28,588 INFO     ___FILE_ONLY___ ═
2020-10-14 11:08:28,784 INFO     ___FILE_ONLY___ ═
2020-10-14 11:08:28,976 INFO     ___FILE_ONLY___ ═
2020-10-14 11:08:29,169 INFO     ___FILE_ONLY___ ═
2020-10-14 11:08:29,361 INFO     ___FILE_ONLY___ ═
2020-10-14 11:08:29,554 INFO     ___FILE_ONLY___ ═
2020-10-14 11:08:29,746 INFO     ___FILE_ONLY___ ═
2020-10-14 11:08:29,939 INFO     ___FILE_ONLY___ ═
2020-10-14 11:08:30,132 INFO     ___FILE_ONLY___ ═
2020-10-14 11:08:30,326 INFO     ___FILE_ONLY___ ═
2020-10-14 11:08:30,517 INFO     ___FILE_ONLY___ ═
2020-10-14 11:08:30,711 INFO     ___FILE_ONLY___ ═
2020-10-14 11:08:30,904 INFO     ___FILE_ONLY___ ═
2020-10-14 11:08:31,097 INFO     ___FILE_ONLY___ ═
2020-10-14 11:08:31,290 INFO     ___FILE_ONLY___ ═
2020-10-14 11:08:31,483 INFO     ___FILE_ONLY___ ═
2020-10-14 11:08:31,677 INFO     ___FILE_ONLY___ ═
2020-10-14 11:08:31,869 INFO     ___FILE_ONLY___ ═
2020-10-14 11:08:32,062 INFO     ___FILE_ONLY___ ═
2020-10-14 11:08:32,255 INFO     ___FILE_ONLY___ ═
2020-10-14 11:08:32,449 INFO     ___FILE_ONLY___ ═
2020-10-14 11:08:32,643 INFO     ___FILE_ONLY___ ═
2020-10-14 11:08:32,834 INFO     ___FILE_ONLY___ ═
2020-10-14 11:08:33,201 INFO     ___FILE_ONLY___ ═
2020-10-14 11:08:33,208 INFO     ___FILE_ONLY___ ═
2020-10-14 11:08:33,212 INFO     ___FILE_ONLY___ ═
2020-10-14 11:08:33,216 INFO     ___FILE_ONLY___ ═
2020-10-14 11:08:33,220 INFO     ___FILE_ONLY___ ═
2020-10-14 11:08:33,225 INFO     ___FILE_ONLY___ ═
2020-10-14 11:08:33,229 INFO     ___FILE_ONLY___ ═
2020-10-14 11:08:33,234 INFO     ___FILE_ONLY___ ═
2020-10-14 11:08:33,269 INFO     ___FILE_ONLY___ ═
2020-10-14 11:08:33,281 INFO     ___FILE_ONLY___ ═
2020-10-14 11:08:33,291 INFO     ___FILE_ONLY___ ═
2020-10-14 11:08:33,313 INFO     ___FILE_ONLY___ ═
2020-10-14 11:08:33,323 INFO     ___FILE_ONLY___ ═
2020-10-14 11:08:33,326 INFO     ___FILE_ONLY___ ═
2020-10-14 11:08:33,330 INFO     ___FILE_ONLY___ ═
2020-10-14 11:08:33,333 INFO     ___FILE_ONLY___ ═
2020-10-14 11:08:33,337 INFO     ___FILE_ONLY___ ═
2020-10-14 11:08:33,341 INFO     ___FILE_ONLY___ ═
2020-10-14 11:08:33,344 INFO     ___FILE_ONLY___ ═
2020-10-14 11:08:33,347 INFO     ___FILE_ONLY___ ═
2020-10-14 11:08:33,350 INFO     ___FILE_ONLY___ ═
2020-10-14 11:08:33,352 INFO     ___FILE_ONLY___ ═
2020-10-14 11:08:33,355 INFO     ___FILE_ONLY___ ═
2020-10-14 11:08:33,358 INFO     ___FILE_ONLY___ ═
2020-10-14 11:08:33,362 INFO     ___FILE_ONLY___ ═
2020-10-14 11:08:33,365 INFO     ___FILE_ONLY___ ═
2020-10-14 11:08:33,367 INFO     ___FILE_ONLY___ ═
2020-10-14 11:08:33,371 INFO     ___FILE_ONLY___ ═
2020-10-14 11:08:33,669 INFO     ___FILE_ONLY___ ═
2020-10-14 11:08:33,715 INFO     ___FILE_ONLY___ ═
2020-10-14 11:08:33,715 INFO     ___FILE_ONLY___ ╝
2020-10-14 11:08:33,728 INFO     ___FILE_ONLY___ ╠════════════════════════════════════════════════════════════╣

2020-10-14 11:08:33,728 INFO     ___FILE_ONLY___ ╠═ Installing: gcloud app Python Extensions                 ═╣

2020-10-14 11:08:33,728 INFO     ___FILE_ONLY___ ╚
2020-10-14 11:08:34,005 INFO     ___FILE_ONLY___ ═
2020-10-14 11:08:34,053 INFO     ___FILE_ONLY___ ═
2020-10-14 11:08:34,085 INFO     ___FILE_ONLY___ ═
2020-10-14 11:08:34,110 INFO     ___FILE_ONLY___ ═
2020-10-14 11:08:34,125 INFO     ___FILE_ONLY___ ═
2020-10-14 11:08:34,149 INFO     ___FILE_ONLY___ ═
2020-10-14 11:08:34,165 INFO     ___FILE_ONLY___ ═
2020-10-14 11:08:34,185 INFO     ___FILE_ONLY___ ═
2020-10-14 11:08:34,205 INFO     ___FILE_ONLY___ ═
2020-10-14 11:08:34,226 INFO     ___FILE_ONLY___ ═
2020-10-14 11:08:34,246 INFO     ___FILE_ONLY___ ═
2020-10-14 11:08:34,266 INFO     ___FILE_ONLY___ ═
2020-10-14 11:08:34,285 INFO     ___FILE_ONLY___ ═
2020-10-14 11:08:34,305 INFO     ___FILE_ONLY___ ═
2020-10-14 11:08:34,324 INFO     ___FILE_ONLY___ ═
2020-10-14 11:08:34,386 INFO     ___FILE_ONLY___ ═
2020-10-14 11:08:34,395 INFO     ___FILE_ONLY___ ═
2020-10-14 11:08:34,396 INFO     ___FILE_ONLY___ ═
2020-10-14 11:08:34,429 INFO     ___FILE_ONLY___ ═
2020-10-14 11:08:34,448 INFO     ___FILE_ONLY___ ═
2020-10-14 11:08:34,463 INFO     ___FILE_ONLY___ ═
2020-10-14 11:08:34,488 INFO     ___FILE_ONLY___ ═
2020-10-14 11:08:34,507 INFO     ___FILE_ONLY___ ═
2020-10-14 11:08:34,526 INFO     ___FILE_ONLY___ ═
2020-10-14 11:08:34,547 INFO     ___FILE_ONLY___ ═
2020-10-14 11:08:34,563 INFO     ___FILE_ONLY___ ═
2020-10-14 11:08:34,582 INFO     ___FILE_ONLY___ ═
2020-10-14 11:08:34,770 INFO     ___FILE_ONLY___ ═
2020-10-14 11:08:35,695 INFO     ___FILE_ONLY___ ═
2020-10-14 11:08:35,875 INFO     ___FILE_ONLY___ ═
2020-10-14 11:08:36,188 INFO     ___FILE_ONLY___ ═
2020-10-14 11:08:36,215 INFO     ___FILE_ONLY___ ═
2020-10-14 11:08:36,241 INFO     ___FILE_ONLY___ ═
2020-10-14 11:08:36,259 INFO     ___FILE_ONLY___ ═
2020-10-14 11:08:36,282 INFO     ___FILE_ONLY___ ═
2020-10-14 11:08:36,303 INFO     ___FILE_ONLY___ ═
2020-10-14 11:08:36,324 INFO     ___FILE_ONLY___ ═
2020-10-14 11:08:36,348 INFO     ___FILE_ONLY___ ═
2020-10-14 11:08:36,371 INFO     ___FILE_ONLY___ ═
2020-10-14 11:08:36,389 INFO     ___FILE_ONLY___ ═
2020-10-14 11:08:36,410 INFO     ___FILE_ONLY___ ═
2020-10-14 11:08:36,428 INFO     ___FILE_ONLY___ ═
2020-10-14 11:08:36,446 INFO     ___FILE_ONLY___ ═
2020-10-14 11:08:36,466 INFO     ___FILE_ONLY___ ═
2020-10-14 11:08:36,485 INFO     ___FILE_ONLY___ ═
2020-10-14 11:08:36,506 INFO     ___FILE_ONLY___ ═
2020-10-14 11:08:36,528 INFO     ___FILE_ONLY___ ═
2020-10-14 11:08:36,555 INFO     ___FILE_ONLY___ ═
2020-10-14 11:08:36,574 INFO     ___FILE_ONLY___ ═
2020-10-14 11:08:36,599 INFO     ___FILE_ONLY___ ═
2020-10-14 11:08:36,625 INFO     ___FILE_ONLY___ ═
2020-10-14 11:08:36,651 INFO     ___FILE_ONLY___ ═
2020-10-14 11:08:36,684 INFO     ___FILE_ONLY___ ═
2020-10-14 11:08:36,704 INFO     ___FILE_ONLY___ ═
2020-10-14 11:08:36,736 INFO     ___FILE_ONLY___ ═
2020-10-14 11:08:36,765 INFO     ___FILE_ONLY___ ═
2020-10-14 11:08:36,789 INFO     ___FILE_ONLY___ ═
2020-10-14 11:08:36,809 INFO     ___FILE_ONLY___ ═
2020-10-14 11:08:36,826 INFO     ___FILE_ONLY___ ═
2020-10-14 11:08:36,844 INFO     ___FILE_ONLY___ ═
2020-10-14 11:08:36,844 INFO     ___FILE_ONLY___ ╝
2020-10-14 11:08:36,879 INFO     ___FILE_ONLY___ ╠════════════════════════════════════════════════════════════╣

2020-10-14 11:08:36,879 INFO     ___FILE_ONLY___ ╠═ Creating backup and activating new installation          ═╣

2020-10-14 11:08:36,879 INFO     ___FILE_ONLY___ ╚
2020-10-14 11:08:36,879 DEBUG    root            Attempting to move directory [/Users/colmlang/google-cloud-sdk] to [/Users/colmlang/google-cloud-sdk.staging/.install/.backup]
2020-10-14 11:08:36,879 INFO     ___FILE_ONLY___ ══════════════════════════════
2020-10-14 11:08:36,879 DEBUG    root            Attempting to move directory [/Users/colmlang/google-cloud-sdk.staging] to [/Users/colmlang/google-cloud-sdk]
2020-10-14 11:08:36,880 INFO     ___FILE_ONLY___ ══════════════════════════════
2020-10-14 11:08:36,880 INFO     ___FILE_ONLY___ ╝

2020-10-14 11:08:36,883 DEBUG    root            Updating notification cache...
2020-10-14 11:08:36,883 INFO     ___FILE_ONLY___ 

2020-10-14 11:08:36,883 INFO     ___FILE_ONLY___ Performing post processing steps...
2020-10-14 11:08:36,884 DEBUG    root            Executing command: ['/usr/local/Cellar/python@3.7/3.7.9/bin/python3', '-S', '/Users/colmlang/google-cloud-sdk/lib/gcloud.py', 'components', 'post-process']
2020-10-14 11:08:52,454 DEBUG    ___FILE_ONLY___ 
2020-10-14 11:08:52,454 DEBUG    ___FILE_ONLY___ 
2020-10-14 11:08:52,536 INFO     ___FILE_ONLY___ 
Update done!


2020-10-14 11:08:52,541 INFO     root            Display format: "none"
