2020-10-14 11:36:33,636 DEBUG    root            Loaded Command Group: ['gcloud', 'init']
2020-10-14 11:36:33,638 DEBUG    root            Running [gcloud.init] with arguments: []
2020-10-14 11:36:33,638 INFO     ___FILE_ONLY___ Welcome! This command will take you through the configuration of gcloud.


2020-10-14 11:36:33,639 INFO     ___FILE_ONLY___ Settings from your current configuration [default] are:

2020-10-14 11:36:33,642 INFO     ___FILE_ONLY___ core:
  account: colmplang@gmail.com
  disable_usage_reporting: 'True'

2020-10-14 11:36:33,642 INFO     ___FILE_ONLY___ 

2020-10-14 11:38:17,646 INFO     ___FILE_ONLY___ Your current configuration has been set to: [default]


2020-10-14 11:38:17,646 INFO     ___FILE_ONLY___ You can skip diagnostics next time by using the following flag:

2020-10-14 11:38:17,646 INFO     ___FILE_ONLY___   gcloud init --skip-diagnostics


2020-10-14 11:38:17,646 INFO     ___FILE_ONLY___ Network diagnostic detects and fixes local network connection issues.

2020-10-14 11:38:17,648 INFO     ___FILE_ONLY___ Checking network connection...
2020-10-14 11:38:18,702 DEBUG    urllib3.connectionpool Starting new HTTPS connection (1): accounts.google.com:443
2020-10-14 11:38:18,838 DEBUG    urllib3.connectionpool https://accounts.google.com:443 "GET / HTTP/1.1" 302 338
2020-10-14 11:38:18,927 DEBUG    urllib3.connectionpool https://accounts.google.com:443 "GET /ServiceLogin?passive=1209600&continue=https%3A%2F%2Faccounts.google.com%2F&followup=https%3A%2F%2Faccounts.google.com%2F HTTP/1.1" 200 None
2020-10-14 11:38:18,982 DEBUG    urllib3.connectionpool Starting new HTTPS connection (1): cloudresourcemanager.googleapis.com:443
2020-10-14 11:38:19,137 DEBUG    urllib3.connectionpool https://cloudresourcemanager.googleapis.com:443 "GET /v1beta1/projects HTTP/1.1" 401 None
2020-10-14 11:38:19,141 DEBUG    urllib3.connectionpool Starting new HTTPS connection (1): www.googleapis.com:443
2020-10-14 11:38:19,249 DEBUG    urllib3.connectionpool https://www.googleapis.com:443 "GET /auth/cloud-platform HTTP/1.1" 200 None
2020-10-14 11:38:19,253 DEBUG    urllib3.connectionpool Starting new HTTPS connection (1): dl.google.com:443
2020-10-14 11:38:19,389 DEBUG    urllib3.connectionpool https://dl.google.com:443 "GET /dl/cloudsdk/channels/rapid/components-2.json HTTP/1.1" 200 139772
2020-10-14 11:38:19,479 INFO     ___FILE_ONLY___ Reachability Check passed.

2020-10-14 11:38:19,479 INFO     ___FILE_ONLY___ Network diagnostic passed (1/1 checks passed).


2020-10-14 11:38:23,329 INFO     ___FILE_ONLY___ You are logged in as: [colmplang@gmail.com].


2020-10-14 11:38:40,011 WARNING  root            Project creation failed: HttpError accessing <https://cloudresourcemanager.googleapis.com/v1/projects?alt=json>: response: <{'vary': 'Origin, X-Origin, Referer', 'content-type': 'application/json; charset=UTF-8', 'date': 'Wed, 14 Oct 2020 18:38:39 GMT', 'server': 'ESF', 'cache-control': 'private', 'x-xss-protection': '0', 'x-frame-options': 'SAMEORIGIN', 'x-content-type-options': 'nosniff', 'server-timing': 'gfet4t7; dur=196', 'alt-svc': 'h3-Q050=":443"; ma=2592000,h3-29=":443"; ma=2592000,h3-27=":443"; ma=2592000,h3-T051=":443"; ma=2592000,h3-T050=":443"; ma=2592000,h3-Q046=":443"; ma=2592000,h3-Q043=":443"; ma=2592000,quic=":443"; ma=2592000; v="46,43"', 'transfer-encoding': 'chunked', 'status': '409', 'content-length': '119', '-content-encoding': 'gzip'}>, content <{
  "error": {
    "code": 409,
    "message": "Requested entity already exists",
    "status": "ALREADY_EXISTS"
  }
}
>
Please make sure to create the project [wolberhello] using
    $ gcloud projects create wolberhello
or change to another project using
    $ gcloud config set project <PROJECT ID>
2020-10-14 11:38:40,014 INFO     root            Display format: "default"
