2020-10-14 11:42:56,377 DEBUG    root            No implementation for release track [GA] for element: [/Users/colmlang/google-cloud-sdk/lib/surface/data_fusion]
2020-10-14 11:42:56,378 DEBUG    root            Loaded Command Group: ['gcloud', 'sql']
2020-10-14 11:42:56,382 DEBUG    root            Loaded Command Group: ['gcloud', 'apigee']
2020-10-14 11:42:56,386 DEBUG    root            Loaded Command Group: ['gcloud', 'projects']
2020-10-14 11:42:56,392 DEBUG    root            Loaded Command Group: ['gcloud', 'debug']
2020-10-14 11:42:56,396 DEBUG    root            No implementation for release track [GA] for element: [/Users/colmlang/google-cloud-sdk/lib/surface/network_services]
2020-10-14 11:42:56,397 DEBUG    root            Loaded Command Group: ['gcloud', 'firestore']
2020-10-14 11:42:56,401 DEBUG    root            No implementation for release track [GA] for element: [/Users/colmlang/google-cloud-sdk/lib/surface/dialogflow]
2020-10-14 11:42:56,401 DEBUG    root            Loaded Command Group: ['gcloud', 'iam']
2020-10-14 11:42:56,430 DEBUG    root            Loaded Command Group: ['gcloud', 'ai_platform']
2020-10-14 11:42:56,433 DEBUG    root            No implementation for release track [GA] for element: [/Users/colmlang/google-cloud-sdk/lib/surface/eventarc]
2020-10-14 11:42:56,434 DEBUG    root            Loaded Command Group: ['gcloud', 'spanner']
2020-10-14 11:42:56,436 DEBUG    root            Loaded Command Group: ['gcloud', 'services']
2020-10-14 11:42:56,439 DEBUG    root            Loaded Command Group: ['gcloud', 'deployment_manager']
2020-10-14 11:42:56,442 DEBUG    root            No implementation for release track [GA] for element: [/Users/colmlang/google-cloud-sdk/lib/surface/api_gateway]
2020-10-14 11:42:56,443 DEBUG    root            No implementation for release track [GA] for element: [/Users/colmlang/google-cloud-sdk/lib/surface/certificate_manager]
2020-10-14 11:42:56,445 DEBUG    root            No implementation for release track [GA] for element: [/Users/colmlang/google-cloud-sdk/lib/surface/artifacts]
2020-10-14 11:42:56,508 DEBUG    root            Loaded Command Group: ['gcloud', 'compute']
2020-10-14 11:42:56,512 DEBUG    root            Loaded Command Group: ['gcloud', 'functions']
2020-10-14 11:42:56,515 DEBUG    root            No implementation for release track [GA] for element: [/Users/colmlang/google-cloud-sdk/lib/surface/web_security_scanner]
2020-10-14 11:42:56,536 DEBUG    root            No implementation for release track [GA] for element: [/Users/colmlang/google-cloud-sdk/lib/surface/events]
2020-10-14 11:42:56,537 DEBUG    root            Loaded Command Group: ['gcloud', 'logging']
2020-10-14 11:42:56,541 DEBUG    root            Loaded Command Group: ['gcloud', 'init']
2020-10-14 11:42:56,543 DEBUG    root            Loaded Command Group: ['gcloud', 'app']
2020-10-14 11:42:56,546 DEBUG    root            Loaded Command Group: ['gcloud', 'version']
2020-10-14 11:42:56,547 DEBUG    root            Loaded Command Group: ['gcloud', 'dataflow']
2020-10-14 11:42:56,550 DEBUG    root            Loaded Command Group: ['gcloud', 'meta']
2020-10-14 11:42:56,553 DEBUG    root            Loaded Command Group: ['gcloud', 'run']
2020-10-14 11:42:56,558 DEBUG    root            No implementation for release track [GA] for element: [/Users/colmlang/google-cloud-sdk/lib/surface/org_policies]
2020-10-14 11:42:56,559 DEBUG    root            No implementation for release track [GA] for element: [/Users/colmlang/google-cloud-sdk/lib/surface/metastore]
2020-10-14 11:42:56,560 DEBUG    root            No implementation for release track [GA] for element: [/Users/colmlang/google-cloud-sdk/lib/surface/admin_service_cluster]
2020-10-14 11:42:56,560 DEBUG    root            Loaded Command Group: ['gcloud', 'access_context_manager']
2020-10-14 11:42:56,563 DEBUG    root            Loaded Command Group: ['gcloud', 'components']
2020-10-14 11:42:56,565 DEBUG    root            No implementation for release track [GA] for element: [/Users/colmlang/google-cloud-sdk/lib/surface/notebooks]
2020-10-14 11:42:56,566 DEBUG    root            No implementation for release track [GA] for element: [/Users/colmlang/google-cloud-sdk/lib/surface/network_security]
2020-10-14 11:42:56,566 DEBUG    root            Loaded Command Group: ['gcloud', 'iot']
2020-10-14 11:42:56,569 DEBUG    root            Loaded Command Group: ['gcloud', 'filestore']
2020-10-14 11:42:56,576 DEBUG    root            Loaded Command Group: ['gcloud', 'survey']
2020-10-14 11:42:56,578 DEBUG    root            Loaded Command Group: ['gcloud', 'iap']
2020-10-14 11:42:56,580 DEBUG    root            Loaded Command Group: ['gcloud', 'topic']
2020-10-14 11:42:56,586 DEBUG    root            Loaded Command Group: ['gcloud', 'info']
2020-10-14 11:42:56,589 DEBUG    root            Loaded Command Group: ['gcloud', 'builds']
2020-10-14 11:42:56,592 DEBUG    root            Loaded Command Group: ['gcloud', 'cheat_sheet']
2020-10-14 11:42:56,594 DEBUG    root            Loaded Command Group: ['gcloud', 'ml_engine']
2020-10-14 11:42:56,596 DEBUG    root            No implementation for release track [GA] for element: [/Users/colmlang/google-cloud-sdk/lib/surface/assured]
2020-10-14 11:42:56,598 DEBUG    root            No implementation for release track [GA] for element: [/Users/colmlang/google-cloud-sdk/lib/surface/code]
2020-10-14 11:42:56,599 DEBUG    root            Loaded Command Group: ['gcloud', 'identity']
2020-10-14 11:42:56,601 DEBUG    root            Loaded Command Group: ['gcloud', 'data_catalog']
2020-10-14 11:42:56,603 DEBUG    root            Loaded Command Group: ['gcloud', 'container']
2020-10-14 11:42:56,606 DEBUG    root            Loaded Command Group: ['gcloud', 'auth']
2020-10-14 11:42:56,608 DEBUG    root            Loaded Command Group: ['gcloud', 'datastore']
2020-10-14 11:42:56,610 DEBUG    root            No implementation for release track [GA] for element: [/Users/colmlang/google-cloud-sdk/lib/surface/network_connectivity]
2020-10-14 11:42:56,611 DEBUG    root            No implementation for release track [GA] for element: [/Users/colmlang/google-cloud-sdk/lib/surface/workflows]
2020-10-14 11:42:56,612 DEBUG    root            No implementation for release track [GA] for element: [/Users/colmlang/google-cloud-sdk/lib/surface/resource_settings]
2020-10-14 11:42:56,613 DEBUG    root            No implementation for release track [GA] for element: [/Users/colmlang/google-cloud-sdk/lib/surface/trace]
2020-10-14 11:42:56,613 DEBUG    root            Loaded Command Group: ['gcloud', 'tasks']
2020-10-14 11:42:56,616 DEBUG    root            No implementation for release track [GA] for element: [/Users/colmlang/google-cloud-sdk/lib/surface/error_reporting]
2020-10-14 11:42:56,616 DEBUG    root            Loaded Command Group: ['gcloud', 'asset']
2020-10-14 11:42:56,620 DEBUG    root            Loaded Command Group: ['gcloud', 'domains']
2020-10-14 11:42:56,622 DEBUG    root            No implementation for release track [GA] for element: [/Users/colmlang/google-cloud-sdk/lib/surface/cloud_shell]
2020-10-14 11:42:56,623 DEBUG    root            Loaded Command Group: ['gcloud', 'firebase']
2020-10-14 11:42:56,625 DEBUG    root            Loaded Command Group: ['gcloud', 'ml']
2020-10-14 11:42:56,628 DEBUG    root            Loaded Command Group: ['gcloud', 'monitoring']
2020-10-14 11:42:56,630 DEBUG    root            No implementation for release track [GA] for element: [/Users/colmlang/google-cloud-sdk/lib/surface/billing]
2020-10-14 11:42:56,631 DEBUG    root            Loaded Command Group: ['gcloud', 'kms']
2020-10-14 11:42:56,633 DEBUG    root            No implementation for release track [GA] for element: [/Users/colmlang/google-cloud-sdk/lib/surface/emulators]
2020-10-14 11:42:56,634 DEBUG    root            No implementation for release track [GA] for element: [/Users/colmlang/google-cloud-sdk/lib/surface/access_approval]
2020-10-14 11:42:56,634 DEBUG    root            No implementation for release track [GA] for element: [/Users/colmlang/google-cloud-sdk/lib/surface/kuberun]
2020-10-14 11:42:56,635 DEBUG    root            Loaded Command Group: ['gcloud', 'dataproc']
2020-10-14 11:42:56,638 DEBUG    root            No implementation for release track [GA] for element: [/Users/colmlang/google-cloud-sdk/lib/surface/labelmanager]
2020-10-14 11:42:56,639 DEBUG    root            No implementation for release track [GA] for element: [/Users/colmlang/google-cloud-sdk/lib/surface/ai]
2020-10-14 11:42:56,639 DEBUG    root            Loaded Command Group: ['gcloud', 'resource_manager']
2020-10-14 11:42:56,646 DEBUG    root            Loaded Command Group: ['gcloud', 'help']
2020-10-14 11:42:56,648 DEBUG    root            No implementation for release track [GA] for element: [/Users/colmlang/google-cloud-sdk/lib/surface/bq]
2020-10-14 11:42:56,649 DEBUG    root            No implementation for release track [GA] for element: [/Users/colmlang/google-cloud-sdk/lib/surface/remote_build_execution]
2020-10-14 11:42:56,650 DEBUG    root            Loaded Command Group: ['gcloud', 'endpoints']
2020-10-14 11:42:56,651 DEBUG    root            Loaded Command Group: ['gcloud', 'redis']
2020-10-14 11:42:56,653 DEBUG    root            Loaded Command Group: ['gcloud', 'secrets']
2020-10-14 11:42:56,656 DEBUG    root            No implementation for release track [GA] for element: [/Users/colmlang/google-cloud-sdk/lib/surface/dlp]
2020-10-14 11:42:56,657 DEBUG    root            Loaded Command Group: ['gcloud', 'config']
2020-10-14 11:42:56,659 DEBUG    root            No implementation for release track [GA] for element: [/Users/colmlang/google-cloud-sdk/lib/surface/runtime_config]
2020-10-14 11:42:56,660 DEBUG    root            Loaded Command Group: ['gcloud', 'composer']
2020-10-14 11:42:56,663 DEBUG    root            Loaded Command Group: ['gcloud', 'feedback']
2020-10-14 11:42:56,664 DEBUG    root            Loaded Command Group: ['gcloud', 'scheduler']
2020-10-14 11:42:56,666 DEBUG    root            No implementation for release track [GA] for element: [/Users/colmlang/google-cloud-sdk/lib/surface/memcache]
2020-10-14 11:42:56,667 DEBUG    root            Loaded Command Group: ['gcloud', 'source']
2020-10-14 11:42:56,668 DEBUG    root            Loaded Command Group: ['gcloud', 'active_directory']
2020-10-14 11:42:56,670 DEBUG    root            No implementation for release track [GA] for element: [/Users/colmlang/google-cloud-sdk/lib/surface/privateca]
2020-10-14 11:42:56,671 DEBUG    root            Loaded Command Group: ['gcloud', 'recommender']
2020-10-14 11:42:56,673 DEBUG    root            No implementation for release track [GA] for element: [/Users/colmlang/google-cloud-sdk/lib/surface/database_migration]
2020-10-14 11:42:56,674 DEBUG    root            No implementation for release track [GA] for element: [/Users/colmlang/google-cloud-sdk/lib/surface/storage]
2020-10-14 11:42:56,742 DEBUG    root            No implementation for release track [GA] for element: [/Users/colmlang/google-cloud-sdk/lib/surface/interactive]
2020-10-14 11:42:56,747 DEBUG    root            Loaded Command Group: ['gcloud', 'docker']
2020-10-14 11:42:56,748 DEBUG    root            Loaded Command Group: ['gcloud', 'healthcare']
2020-10-14 11:42:56,751 DEBUG    root            Loaded Command Group: ['gcloud', 'scc']
2020-10-14 11:42:56,752 DEBUG    root            No implementation for release track [GA] for element: [/Users/colmlang/google-cloud-sdk/lib/surface/genomics]
2020-10-14 11:42:56,753 DEBUG    root            Loaded Command Group: ['gcloud', 'network_management']
2020-10-14 11:42:56,755 DEBUG    root            No implementation for release track [GA] for element: [/Users/colmlang/google-cloud-sdk/lib/surface/recaptcha]
2020-10-14 11:42:56,756 DEBUG    root            Loaded Command Group: ['gcloud', 'bigtable']
2020-10-14 11:42:56,758 DEBUG    root            Loaded Command Group: ['gcloud', 'organizations']
2020-10-14 11:42:56,759 DEBUG    root            Loaded Command Group: ['gcloud', 'game']
2020-10-14 11:42:56,761 DEBUG    root            No implementation for release track [GA] for element: [/Users/colmlang/google-cloud-sdk/lib/surface/commerce_procurement]
2020-10-14 11:42:56,762 DEBUG    root            Loaded Command Group: ['gcloud', 'anthos']
2020-10-14 11:42:56,764 DEBUG    root            Loaded Command Group: ['gcloud', 'dns']
2020-10-14 11:42:56,766 DEBUG    root            Loaded Command Group: ['gcloud', 'policy_troubleshoot']
2020-10-14 11:42:56,768 DEBUG    root            No implementation for release track [GA] for element: [/Users/colmlang/google-cloud-sdk/lib/surface/vmware]
2020-10-14 11:42:56,768 DEBUG    root            No implementation for release track [GA] for element: [/Users/colmlang/google-cloud-sdk/lib/surface/service_directory]
2020-10-14 11:42:56,769 DEBUG    root            Loaded Command Group: ['gcloud', 'pubsub']
2020-10-14 11:42:56,771 DEBUG    root            No implementation for release track [GA] for element: [/Users/colmlang/google-cloud-sdk/lib/surface/lifesciences]
2020-10-14 11:42:56,772 ERROR    root            (gcloud) Invalid choice: 'ap'.
