2020-10-14 12:44:34,762 DEBUG    root            Loaded Command Group: ['gcloud', 'app']
2020-10-14 12:44:34,819 DEBUG    root            Loaded Command Group: ['gcloud', 'app', 'deploy']
2020-10-14 12:44:34,821 DEBUG    root            Running [gcloud.app.deploy] with arguments: []
2020-10-14 12:44:34,841 DEBUG    root            Loading runtimes experiment config from [gs://runtime-builders/experiments.yaml]
2020-10-14 12:44:34,855 INFO     root            Reading [<googlecloudsdk.api_lib.storage.storage_util.ObjectReference object at 0x10b402cd0>]
2020-10-14 12:44:35,075 DEBUG    root            
Traceback (most recent call last):
  File "/Users/colmlang/google-cloud-sdk/lib/googlecloudsdk/api_lib/storage/storage_api.py", line 301, in ReadObject
    self.client.objects.Get(get_req, download=download)
  File "/Users/colmlang/google-cloud-sdk/lib/googlecloudsdk/third_party/apis/storage/v1/storage_v1_client.py", line 1107, in Get
    download=download)
  File "/Users/colmlang/google-cloud-sdk/lib/third_party/apitools/base/py/base_api.py", line 709, in _RunMethod
    download.InitializeDownload(http_request, client=self.client)
  File "/Users/colmlang/google-cloud-sdk/lib/third_party/apitools/base/py/transfer.py", line 322, in InitializeDownload
    raise exceptions.HttpError.FromResponse(response)
apitools.base.py.exceptions.HttpNotFoundError: HttpError accessing <https://storage.googleapis.com/storage/v1/b/runtime-builders/o/experiments.yaml?alt=media>: response: <{'x-guploader-uploadid': 'ABg5-UwaO56fMNZbgfn9EUEtRAPzCRQ1kJj_7bj9V6dPS4AG3LHShhJuTu-_OM_FQCtLFdvLmhwIO4e-NmwulL1kwDk', 'content-type': 'text/html; charset=UTF-8', 'date': 'Wed, 14 Oct 2020 19:44:35 GMT', 'vary': 'Origin, X-Origin', 'expires': 'Wed, 14 Oct 2020 19:44:35 GMT', 'cache-control': 'private, max-age=0', 'content-length': '49', 'server': 'UploadServer', 'alt-svc': 'h3-Q050=":443"; ma=2592000,h3-29=":443"; ma=2592000,h3-27=":443"; ma=2592000,h3-T051=":443"; ma=2592000,h3-T050=":443"; ma=2592000,h3-Q046=":443"; ma=2592000,h3-Q043=":443"; ma=2592000,quic=":443"; ma=2592000; v="46,43"', 'status': '404'}>, content <No such object: runtime-builders/experiments.yaml>

During handling of the above exception, another exception occurred:

Traceback (most recent call last):
  File "/Users/colmlang/google-cloud-sdk/lib/googlecloudsdk/api_lib/app/runtime_builders.py", line 269, in _Read
    with contextlib.closing(storage_client.ReadObject(object_)) as f:
  File "/Users/colmlang/google-cloud-sdk/lib/googlecloudsdk/api_lib/storage/storage_api.py", line 305, in ReadObject
    object_=object_ref, err=http_exc.HttpException(err)))
googlecloudsdk.calliope.exceptions.BadFileException: Could not read [<googlecloudsdk.api_lib.storage.storage_util.ObjectReference object at 0x10b402cd0>]. Please retry: HTTPError 404: No such object: runtime-builders/experiments.yaml
2020-10-14 12:44:35,078 DEBUG    root            Experiment config file could not be read. This error is informational, and does not cause a deployment to fail. Reason: Unable to read the runtimes experiment config: [gs://runtime-builders/experiments.yaml], error: Could not read [<googlecloudsdk.api_lib.storage.storage_util.ObjectReference object at 0x10b402cd0>]. Please retry: HTTPError 404: No such object: runtime-builders/experiments.yaml
Traceback (most recent call last):
  File "/Users/colmlang/google-cloud-sdk/lib/googlecloudsdk/api_lib/storage/storage_api.py", line 301, in ReadObject
    self.client.objects.Get(get_req, download=download)
  File "/Users/colmlang/google-cloud-sdk/lib/googlecloudsdk/third_party/apis/storage/v1/storage_v1_client.py", line 1107, in Get
    download=download)
  File "/Users/colmlang/google-cloud-sdk/lib/third_party/apitools/base/py/base_api.py", line 709, in _RunMethod
    download.InitializeDownload(http_request, client=self.client)
  File "/Users/colmlang/google-cloud-sdk/lib/third_party/apitools/base/py/transfer.py", line 322, in InitializeDownload
    raise exceptions.HttpError.FromResponse(response)
apitools.base.py.exceptions.HttpNotFoundError: HttpError accessing <https://storage.googleapis.com/storage/v1/b/runtime-builders/o/experiments.yaml?alt=media>: response: <{'x-guploader-uploadid': 'ABg5-UwaO56fMNZbgfn9EUEtRAPzCRQ1kJj_7bj9V6dPS4AG3LHShhJuTu-_OM_FQCtLFdvLmhwIO4e-NmwulL1kwDk', 'content-type': 'text/html; charset=UTF-8', 'date': 'Wed, 14 Oct 2020 19:44:35 GMT', 'vary': 'Origin, X-Origin', 'expires': 'Wed, 14 Oct 2020 19:44:35 GMT', 'cache-control': 'private, max-age=0', 'content-length': '49', 'server': 'UploadServer', 'alt-svc': 'h3-Q050=":443"; ma=2592000,h3-29=":443"; ma=2592000,h3-27=":443"; ma=2592000,h3-T051=":443"; ma=2592000,h3-T050=":443"; ma=2592000,h3-Q046=":443"; ma=2592000,h3-Q043=":443"; ma=2592000,quic=":443"; ma=2592000; v="46,43"', 'status': '404'}>, content <No such object: runtime-builders/experiments.yaml>

During handling of the above exception, another exception occurred:

Traceback (most recent call last):
  File "/Users/colmlang/google-cloud-sdk/lib/googlecloudsdk/api_lib/app/runtime_builders.py", line 269, in _Read
    with contextlib.closing(storage_client.ReadObject(object_)) as f:
  File "/Users/colmlang/google-cloud-sdk/lib/googlecloudsdk/api_lib/storage/storage_api.py", line 305, in ReadObject
    object_=object_ref, err=http_exc.HttpException(err)))
googlecloudsdk.calliope.exceptions.BadFileException: Could not read [<googlecloudsdk.api_lib.storage.storage_util.ObjectReference object at 0x10b402cd0>]. Please retry: HTTPError 404: No such object: runtime-builders/experiments.yaml

During handling of the above exception, another exception occurred:

Traceback (most recent call last):
  File "/Users/colmlang/google-cloud-sdk/lib/googlecloudsdk/api_lib/app/runtime_builders.py", line 518, in LoadFromURI
    with _Read(uri) as f:
  File "/usr/local/Cellar/python@3.7/3.7.9/Frameworks/Python.framework/Versions/3.7/lib/python3.7/contextlib.py", line 112, in __enter__
    return next(self.gen)
  File "/Users/colmlang/google-cloud-sdk/lib/googlecloudsdk/api_lib/app/runtime_builders.py", line 276, in _Read
    raise FileReadError(six.text_type(e))
googlecloudsdk.api_lib.app.runtime_builders.FileReadError: Could not read [<googlecloudsdk.api_lib.storage.storage_util.ObjectReference object at 0x10b402cd0>]. Please retry: HTTPError 404: No such object: runtime-builders/experiments.yaml

During handling of the above exception, another exception occurred:

Traceback (most recent call last):
  File "/Users/colmlang/google-cloud-sdk/lib/surface/app/deploy.py", line 138, in _ServerSideExperimentEnabled
    runtimes_builder_root)
  File "/Users/colmlang/google-cloud-sdk/lib/googlecloudsdk/api_lib/app/runtime_builders.py", line 524, in LoadFromURI
    .format(uri, e))
googlecloudsdk.api_lib.app.runtime_builders.ExperimentsError: Unable to read the runtimes experiment config: [gs://runtime-builders/experiments.yaml], error: Could not read [<googlecloudsdk.api_lib.storage.storage_util.ObjectReference object at 0x10b402cd0>]. Please retry: HTTPError 404: No such object: runtime-builders/experiments.yaml
2020-10-14 12:44:35,098 DEBUG    root            API endpoint: [https://appengine.googleapis.com/], API version: [v1]
2020-10-14 12:44:35,110 INFO     oauth2client.client Refreshing access_token
2020-10-14 12:44:35,610 INFO     ___FILE_ONLY___ Services to deploy:


2020-10-14 12:44:35,611 INFO     ___FILE_ONLY___ descriptor:      [/Users/colmlang/helloapi-colmpat/target/appengine-staging/app.yaml]
source:          [/Users/colmlang/helloapi-colmpat/target/appengine-staging]
target project:  [colmphello]
target service:  [default]
target version:  [20201014t124435]
target url:      [https://colmphello.wl.r.appspot.com]



2020-10-14 12:44:35,611 DEBUG    root            No bucket specified, retrieving default bucket.
2020-10-14 12:44:35,612 DEBUG    root            Using bucket [gs://staging.colmphello.appspot.com].
2020-10-14 12:44:35,724 INFO     ___FILE_ONLY___ Beginning deployment of service [default]...

2020-10-14 12:44:35,725 INFO     root            Ignoring file [app.yaml]: File matches ignore regex.
2020-10-14 12:44:36,128 INFO     root            Incremental upload skipped 0.0% of data
2020-10-14 12:44:36,129 INFO     root            Incremental upload skipped 0.0% of data
2020-10-14 12:44:36,129 INFO     root            Incremental upload skipped 0.0% of data
2020-10-14 12:44:36,129 INFO     root            Incremental upload skipped 0.0% of data
2020-10-14 12:44:36,129 INFO     root            Incremental upload skipped 0.0% of data
2020-10-14 12:44:36,129 INFO     root            Incremental upload skipped 0.0% of data
2020-10-14 12:44:36,130 INFO     root            Incremental upload skipped 0.0% of data
2020-10-14 12:44:36,130 INFO     root            Incremental upload skipped 0.0% of data
2020-10-14 12:44:36,130 INFO     root            Incremental upload skipped 0.0% of data
2020-10-14 12:44:36,130 INFO     root            Incremental upload skipped 0.0% of data
2020-10-14 12:44:36,130 INFO     root            Incremental upload skipped 0.0% of data
2020-10-14 12:44:36,130 INFO     root            Incremental upload skipped 0.0% of data
2020-10-14 12:44:36,130 INFO     root            Incremental upload skipped 0.0% of data
2020-10-14 12:44:36,131 INFO     root            Incremental upload skipped 0.0% of data
2020-10-14 12:44:36,131 INFO     root            Incremental upload skipped 0.0% of data
2020-10-14 12:44:36,131 INFO     root            Incremental upload skipped 0.0% of data
2020-10-14 12:44:36,131 INFO     root            Incremental upload skipped 0.0% of data
2020-10-14 12:44:36,131 INFO     root            Incremental upload skipped 0.0% of data
2020-10-14 12:44:36,131 INFO     root            Incremental upload skipped 0.0% of data
2020-10-14 12:44:36,131 INFO     root            Incremental upload skipped 0.0% of data
2020-10-14 12:44:36,131 INFO     root            Incremental upload skipped 0.0% of data
2020-10-14 12:44:36,132 INFO     root            Incremental upload skipped 0.0% of data
2020-10-14 12:44:36,132 INFO     root            Incremental upload skipped 0.0% of data
2020-10-14 12:44:36,132 DEBUG    root            Uploading 23 files to Google Cloud Storage
2020-10-14 12:44:36,132 DEBUG    root            Using [16] threads
2020-10-14 12:44:36,133 INFO     ___FILE_ONLY___ ╔════════════════════════════════════════════════════════════╗

2020-10-14 12:44:36,133 INFO     ___FILE_ONLY___ ╠═ Uploading 23 files to Google Cloud Storage               ═╣

2020-10-14 12:44:36,133 INFO     ___FILE_ONLY___ ╚
2020-10-14 12:44:36,203 INFO     root            Uploading [/Users/colmlang/helloapi-colmpat/target/appengine-staging/WEB-INF/classes/com/example/appengine/java8/ReturnListServlet.class] to [staging.colmphello.appspot.com/490af39fd8713ca3a9dc8244e9215ce3fbb447d1]
2020-10-14 12:44:36,210 INFO     root            Uploading [/Users/colmlang/helloapi-colmpat/target/appengine-staging/WEB-INF/lib/org.apache.taglibs.taglibs-standard-impl-1.2.5.jar] to [staging.colmphello.appspot.com/9b9783ccb2a323383e6e20e36d368f8997b71967]
2020-10-14 12:44:36,211 INFO     root            Uploading [/Users/colmlang/helloapi-colmpat/target/appengine-staging/WEB-INF/classes/com/example/appengine/java8/ReturnListOfObjServlet.class] to [staging.colmphello.appspot.com/7e27da508c55a17cc061ad73c621a0ed698df914]
2020-10-14 12:44:36,226 INFO     root            Uploading [/var/folders/c7/4x3qpx6j0y18zh419gklg5kh0000gn/T/tmp4hxysxq4/source-context.json] to [staging.colmphello.appspot.com/435bfebfe3eba45997ce8d5e1690aaa613790a41]
2020-10-14 12:44:36,228 INFO     root            Uploading [/Users/colmlang/helloapi-colmpat/target/appengine-staging/WEB-INF/classes/com/example/appengine/java8/ReturnListOfObjServlet$Foo.class] to [staging.colmphello.appspot.com/bef84ee2fdc55897a7fc7b9a5bd3d6873a4ec408]
2020-10-14 12:44:36,229 INFO     root            Uploading [/Users/colmlang/helloapi-colmpat/target/appengine-staging/WEB-INF/lib/gson-2.7.jar] to [staging.colmphello.appspot.com/751f548c85fa49f330cecbb1875893f971b33c4e]
2020-10-14 12:44:36,230 INFO     root            Uploading [/Users/colmlang/helloapi-colmpat/target/appengine-staging/WEB-INF/classes/com/example/appengine/java8/ReturnKeyValueServlet.class] to [staging.colmphello.appspot.com/4070ec67216755c5247c258eab13e2d49f98d876]
2020-10-14 12:44:36,231 INFO     root            Uploading [/Users/colmlang/helloapi-colmpat/target/appengine-staging/WEB-INF/classes/source-context.json] to [staging.colmphello.appspot.com/399ab021f33f9df40857154f730476469c266096]
2020-10-14 12:44:36,232 INFO     root            Uploading [/Users/colmlang/helloapi-colmpat/target/appengine-staging/WEB-INF/appengine-generated/app.yaml] to [staging.colmphello.appspot.com/9692b2769ec0489ea7b8c495d4c3d1ec0e332cc5]
2020-10-14 12:44:36,242 INFO     root            Uploading [/Users/colmlang/helloapi-colmpat/target/appengine-staging/WEB-INF/appengine-web.xml] to [staging.colmphello.appspot.com/4d7e01fcb704b5e5d5f7a5aa383fab36430b986c]
2020-10-14 12:44:36,244 INFO     root            Uploading [/Users/colmlang/helloapi-colmpat/target/appengine-staging/WEB-INF/lib/_ah_compiled_jsps-0000.jar] to [staging.colmphello.appspot.com/4780aca1e699df973270fe7a920f3fae388d35e6]
2020-10-14 12:44:36,245 INFO     root            Uploading [/Users/colmlang/helloapi-colmpat/target/appengine-staging/WEB-INF/lib/org.eclipse.jdt.ecj-3.19.0.jar] to [staging.colmphello.appspot.com/99ccdf7b2a75afb720270ab888bb21d6159ee631]
2020-10-14 12:44:36,248 INFO     root            Uploading [/Users/colmlang/helloapi-colmpat/target/appengine-staging/WEB-INF/min-quickstart-web.xml] to [staging.colmphello.appspot.com/96fb95eb8ae1cab61a964e446b541e59f22b0be3]
2020-10-14 12:44:36,257 INFO     root            Uploading [/Users/colmlang/helloapi-colmpat/target/appengine-staging/WEB-INF/classes/com/example/appengine/java8/HelloServlet.class] to [staging.colmphello.appspot.com/96040c3f107efa7de0813c46f4c91f079d0f5f86]
2020-10-14 12:44:36,257 INFO     root            Uploading [/Users/colmlang/helloapi-colmpat/target/appengine-staging/hello.jsp] to [staging.colmphello.appspot.com/131ba28b90b1fcc14df9ab6a1df66615aee17594]
2020-10-14 12:44:36,258 INFO     root            Uploading [/Users/colmlang/helloapi-colmpat/target/appengine-staging/WEB-INF/lib/org.apache.taglibs.taglibs-standard-spec-1.2.5.jar] to [staging.colmphello.appspot.com/c3bb98c30f75fef1e229d1d03cf8457de22f1ba0]
2020-10-14 12:44:36,436 INFO     ___FILE_ONLY___ ══
2020-10-14 12:44:36,443 INFO     root            Uploading [/Users/colmlang/helloapi-colmpat/target/appengine-staging/WEB-INF/lib/org.eclipse.jetty.apache-jsp-9.4.27.v20200227-nolog.jar] to [staging.colmphello.appspot.com/ca022b3c1e110c59ac0ba43d1ea93d0dbb9c0c76]
2020-10-14 12:44:36,477 INFO     ___FILE_ONLY___ ═══
2020-10-14 12:44:36,479 INFO     ___FILE_ONLY___ ══
2020-10-14 12:44:36,485 INFO     root            Uploading [/Users/colmlang/helloapi-colmpat/target/appengine-staging/WEB-INF/web.xml] to [staging.colmphello.appspot.com/ca414b5c23feeedd0e3102a00ef52f136893f2e8]
2020-10-14 12:44:36,489 INFO     root            Uploading [/Users/colmlang/helloapi-colmpat/target/appengine-staging/WEB-INF/lib/org.mortbay.jasper.apache-el-8.5.49.jar] to [staging.colmphello.appspot.com/d2550406481e61df12fddb51c3a92922e78fbaa4]
2020-10-14 12:44:36,496 INFO     ___FILE_ONLY___ ═══
2020-10-14 12:44:36,501 INFO     root            Uploading [/Users/colmlang/helloapi-colmpat/target/appengine-staging/WEB-INF/lib/appengine-api-1.0-sdk-1.9.69.jar] to [staging.colmphello.appspot.com/ea55839ee0a4ed134c9412f9b767cb46c59bc8f8]
2020-10-14 12:44:36,510 INFO     ___FILE_ONLY___ ═══
2020-10-14 12:44:36,514 INFO     root            Uploading [/Users/colmlang/helloapi-colmpat/target/appengine-staging/WEB-INF/quickstart-web.xml] to [staging.colmphello.appspot.com/f3dc2c8605ec56f2de085467a259b4571223a43e]
2020-10-14 12:44:36,534 INFO     ___FILE_ONLY___ ══
2020-10-14 12:44:36,537 INFO     ___FILE_ONLY___ ═══
2020-10-14 12:44:36,543 INFO     root            Uploading [/Users/colmlang/helloapi-colmpat/target/appengine-staging/WEB-INF/lib/org.mortbay.jasper.apache-jsp-8.5.49.jar] to [staging.colmphello.appspot.com/f7df00a600ed147b7c8a7bdcc8cc4ffab203e5f2]
2020-10-14 12:44:36,567 INFO     ___FILE_ONLY___ ══
2020-10-14 12:44:36,569 INFO     root            Uploading [/Users/colmlang/helloapi-colmpat/target/appengine-staging/WEB-INF/classes/com/example/appengine/java8/AddNumsServlet.class] to [staging.colmphello.appspot.com/fd749d940377c06a580ddca008247fd1f526e294]
2020-10-14 12:44:36,584 INFO     ___FILE_ONLY___ ═══
2020-10-14 12:44:36,633 INFO     ___FILE_ONLY___ ═══
2020-10-14 12:44:36,635 INFO     ___FILE_ONLY___ ══
2020-10-14 12:44:36,637 INFO     ___FILE_ONLY___ ═══
2020-10-14 12:44:36,833 INFO     ___FILE_ONLY___ ══
2020-10-14 12:44:36,839 INFO     ___FILE_ONLY___ ═══
2020-10-14 12:44:36,906 INFO     ___FILE_ONLY___ ═══
2020-10-14 12:44:37,027 INFO     ___FILE_ONLY___ ══
2020-10-14 12:44:37,033 INFO     ___FILE_ONLY___ ═══
2020-10-14 12:44:38,639 INFO     ___FILE_ONLY___ ══
2020-10-14 12:44:39,032 INFO     ___FILE_ONLY___ ═══
2020-10-14 12:44:40,507 INFO     ___FILE_ONLY___ ═══
2020-10-14 12:44:40,538 INFO     ___FILE_ONLY___ ══
2020-10-14 12:44:49,876 INFO     ___FILE_ONLY___ ═══
2020-10-14 12:45:09,067 INFO     ___FILE_ONLY___ ═══
2020-10-14 12:45:09,067 INFO     ___FILE_ONLY___ ╝

2020-10-14 12:45:09,079 INFO     ___FILE_ONLY___ File upload done.

2020-10-14 12:45:09,080 INFO     root            Manifest: [{'hello.jsp': {'sourceUrl': 'https://storage.googleapis.com/staging.colmphello.appspot.com/131ba28b90b1fcc14df9ab6a1df66615aee17594', 'sha1Sum': '131ba28b90b1fcc14df9ab6a1df66615aee17594'}, 'WEB-INF/appengine-web.xml': {'sourceUrl': 'https://storage.googleapis.com/staging.colmphello.appspot.com/4d7e01fcb704b5e5d5f7a5aa383fab36430b986c', 'sha1Sum': '4d7e01fcb704b5e5d5f7a5aa383fab36430b986c'}, 'WEB-INF/min-quickstart-web.xml': {'sourceUrl': 'https://storage.googleapis.com/staging.colmphello.appspot.com/96fb95eb8ae1cab61a964e446b541e59f22b0be3', 'sha1Sum': '96fb95eb8ae1cab61a964e446b541e59f22b0be3'}, 'WEB-INF/quickstart-web.xml': {'sourceUrl': 'https://storage.googleapis.com/staging.colmphello.appspot.com/f3dc2c8605ec56f2de085467a259b4571223a43e', 'sha1Sum': 'f3dc2c8605ec56f2de085467a259b4571223a43e'}, 'WEB-INF/web.xml': {'sourceUrl': 'https://storage.googleapis.com/staging.colmphello.appspot.com/ca414b5c23feeedd0e3102a00ef52f136893f2e8', 'sha1Sum': 'ca414b5c23feeedd0e3102a00ef52f136893f2e8'}, 'WEB-INF/lib/_ah_compiled_jsps-0000.jar': {'sourceUrl': 'https://storage.googleapis.com/staging.colmphello.appspot.com/4780aca1e699df973270fe7a920f3fae388d35e6', 'sha1Sum': '4780aca1e699df973270fe7a920f3fae388d35e6'}, 'WEB-INF/lib/appengine-api-1.0-sdk-1.9.69.jar': {'sourceUrl': 'https://storage.googleapis.com/staging.colmphello.appspot.com/ea55839ee0a4ed134c9412f9b767cb46c59bc8f8', 'sha1Sum': 'ea55839ee0a4ed134c9412f9b767cb46c59bc8f8'}, 'WEB-INF/lib/gson-2.7.jar': {'sourceUrl': 'https://storage.googleapis.com/staging.colmphello.appspot.com/751f548c85fa49f330cecbb1875893f971b33c4e', 'sha1Sum': '751f548c85fa49f330cecbb1875893f971b33c4e'}, 'WEB-INF/lib/org.apache.taglibs.taglibs-standard-impl-1.2.5.jar': {'sourceUrl': 'https://storage.googleapis.com/staging.colmphello.appspot.com/9b9783ccb2a323383e6e20e36d368f8997b71967', 'sha1Sum': '9b9783ccb2a323383e6e20e36d368f8997b71967'}, 'WEB-INF/lib/org.apache.taglibs.taglibs-standard-spec-1.2.5.jar': {'sourceUrl': 'https://storage.googleapis.com/staging.colmphello.appspot.com/c3bb98c30f75fef1e229d1d03cf8457de22f1ba0', 'sha1Sum': 'c3bb98c30f75fef1e229d1d03cf8457de22f1ba0'}, 'WEB-INF/lib/org.eclipse.jdt.ecj-3.19.0.jar': {'sourceUrl': 'https://storage.googleapis.com/staging.colmphello.appspot.com/99ccdf7b2a75afb720270ab888bb21d6159ee631', 'sha1Sum': '99ccdf7b2a75afb720270ab888bb21d6159ee631'}, 'WEB-INF/lib/org.eclipse.jetty.apache-jsp-9.4.27.v20200227-nolog.jar': {'sourceUrl': 'https://storage.googleapis.com/staging.colmphello.appspot.com/ca022b3c1e110c59ac0ba43d1ea93d0dbb9c0c76', 'sha1Sum': 'ca022b3c1e110c59ac0ba43d1ea93d0dbb9c0c76'}, 'WEB-INF/lib/org.mortbay.jasper.apache-el-8.5.49.jar': {'sourceUrl': 'https://storage.googleapis.com/staging.colmphello.appspot.com/d2550406481e61df12fddb51c3a92922e78fbaa4', 'sha1Sum': 'd2550406481e61df12fddb51c3a92922e78fbaa4'}, 'WEB-INF/lib/org.mortbay.jasper.apache-jsp-8.5.49.jar': {'sourceUrl': 'https://storage.googleapis.com/staging.colmphello.appspot.com/f7df00a600ed147b7c8a7bdcc8cc4ffab203e5f2', 'sha1Sum': 'f7df00a600ed147b7c8a7bdcc8cc4ffab203e5f2'}, 'WEB-INF/classes/source-context.json': {'sourceUrl': 'https://storage.googleapis.com/staging.colmphello.appspot.com/399ab021f33f9df40857154f730476469c266096', 'sha1Sum': '399ab021f33f9df40857154f730476469c266096'}, 'WEB-INF/classes/com/example/appengine/java8/AddNumsServlet.class': {'sourceUrl': 'https://storage.googleapis.com/staging.colmphello.appspot.com/fd749d940377c06a580ddca008247fd1f526e294', 'sha1Sum': 'fd749d940377c06a580ddca008247fd1f526e294'}, 'WEB-INF/classes/com/example/appengine/java8/HelloServlet.class': {'sourceUrl': 'https://storage.googleapis.com/staging.colmphello.appspot.com/96040c3f107efa7de0813c46f4c91f079d0f5f86', 'sha1Sum': '96040c3f107efa7de0813c46f4c91f079d0f5f86'}, 'WEB-INF/classes/com/example/appengine/java8/ReturnKeyValueServlet.class': {'sourceUrl': 'https://storage.googleapis.com/staging.colmphello.appspot.com/4070ec67216755c5247c258eab13e2d49f98d876', 'sha1Sum': '4070ec67216755c5247c258eab13e2d49f98d876'}, 'WEB-INF/classes/com/example/appengine/java8/ReturnListOfObjServlet$Foo.class': {'sourceUrl': 'https://storage.googleapis.com/staging.colmphello.appspot.com/bef84ee2fdc55897a7fc7b9a5bd3d6873a4ec408', 'sha1Sum': 'bef84ee2fdc55897a7fc7b9a5bd3d6873a4ec408'}, 'WEB-INF/classes/com/example/appengine/java8/ReturnListOfObjServlet.class': {'sourceUrl': 'https://storage.googleapis.com/staging.colmphello.appspot.com/7e27da508c55a17cc061ad73c621a0ed698df914', 'sha1Sum': '7e27da508c55a17cc061ad73c621a0ed698df914'}, 'WEB-INF/classes/com/example/appengine/java8/ReturnListServlet.class': {'sourceUrl': 'https://storage.googleapis.com/staging.colmphello.appspot.com/490af39fd8713ca3a9dc8244e9215ce3fbb447d1', 'sha1Sum': '490af39fd8713ca3a9dc8244e9215ce3fbb447d1'}, 'WEB-INF/appengine-generated/app.yaml': {'sourceUrl': 'https://storage.googleapis.com/staging.colmphello.appspot.com/9692b2769ec0489ea7b8c495d4c3d1ec0e332cc5', 'sha1Sum': '9692b2769ec0489ea7b8c495d4c3d1ec0e332cc5'}, 'source-context.json': {'sourceUrl': 'https://storage.googleapis.com/staging.colmphello.appspot.com/435bfebfe3eba45997ce8d5e1690aaa613790a41', 'sha1Sum': '435bfebfe3eba45997ce8d5e1690aaa613790a41'}}]
2020-10-14 12:45:09,081 DEBUG    root            Converted YAML to JSON: "{
  "betaSettings": {
    "auto_id_policy": "default"
  },
  "entrypoint": {
    "shell": ""
  },
  "handlers": [
    {
      "script": {
        "scriptPath": "unused"
      },
      "securityLevel": "SECURE_OPTIONAL",
      "urlRegex": "/.*"
    }
  ],
  "inboundServices": [
    "INBOUND_SERVICE_WARMUP"
  ],
  "runtime": "java8",
  "runtimeApiVersion": "user_defined",
  "threadsafe": true
}"
2020-10-14 12:45:11,154 DEBUG    root            Response returned status 500, retrying
2020-10-14 12:45:11,157 DEBUG    root            Retrying request to url https://appengine.googleapis.com/v1/apps/colmphello/services/default/versions?alt=json after exception HttpError accessing <https://appengine.googleapis.com/v1/apps/colmphello/services/default/versions?alt=json>: response: <{'vary': 'Origin, X-Origin, Referer', 'content-type': 'application/json; charset=UTF-8', 'date': 'Wed, 14 Oct 2020 19:45:11 GMT', 'server': 'ESF', 'cache-control': 'private', 'x-xss-protection': '0', 'x-frame-options': 'SAMEORIGIN', 'x-content-type-options': 'nosniff', 'alt-svc': 'h3-Q050=":443"; ma=2592000,h3-29=":443"; ma=2592000,h3-27=":443"; ma=2592000,h3-T051=":443"; ma=2592000,h3-T050=":443"; ma=2592000,h3-Q046=":443"; ma=2592000,h3-Q043=":443"; ma=2592000,quic=":443"; ma=2592000; v="46,43"', 'transfer-encoding': 'chunked', 'status': '500', 'content-length': '109', '-content-encoding': 'gzip'}>, content <{
  "error": {
    "code": 500,
    "message": "Internal error encountered.",
    "status": "INTERNAL"
  }
}
>
2020-10-14 12:45:13,615 WARNING  root            You will be unable to deploy applications after November 30, 2019 without adding a billing instrument to your project. Please add one at https://console.cloud.google.com/billing/linkedaccount?colmphello

2020-10-14 12:45:13,615 DEBUG    root            Operation [apps/colmphello/operations/aed9229f-4e93-4c1a-b9a2-5e3db4361d2d] not complete. Waiting to retry.
2020-10-14 12:45:13,616 INFO     ___FILE_ONLY___ Updating service [default]...
2020-10-14 12:45:14,817 DEBUG    root            Operation [apps/colmphello/operations/aed9229f-4e93-4c1a-b9a2-5e3db4361d2d] not complete. Waiting to retry.
2020-10-14 12:45:20,424 DEBUG    root            Operation [apps/colmphello/operations/aed9229f-4e93-4c1a-b9a2-5e3db4361d2d] complete. Result: {
    "done": true,
    "error": {
        "code": 7,
        "message": "Access Not Configured. Cloud Build has not been used in project colmphello before or it is disabled. Enable it by visiting https://console.developers.google.com/apis/api/cloudbuild.googleapis.com/overview?project=colmphello then retry. If you enabled this API recently, wait a few minutes for the action to propagate to our systems and retry."
    },
    "metadata": {
        "@type": "type.googleapis.com/google.appengine.v1.OperationMetadataV1",
        "endTime": "2020-10-14T19:45:17.439Z",
        "insertTime": "2020-10-14T19:45:13.559Z",
        "method": "google.appengine.v1.Versions.CreateVersion",
        "target": "apps/colmphello/services/default/versions/20201014t124435",
        "user": "colmplang@gmail.com",
        "warning": [
            "You will be unable to deploy applications after November 30, 2019 without adding a billing instrument to your project. Please add one at https://console.cloud.google.com/billing/linkedaccount?colmphello"
        ]
    },
    "name": "apps/colmphello/operations/aed9229f-4e93-4c1a-b9a2-5e3db4361d2d"
}
2020-10-14 12:45:20,534 DEBUG    root            (gcloud.app.deploy) Error Response: [7] Access Not Configured. Cloud Build has not been used in project colmphello before or it is disabled. Enable it by visiting https://console.developers.google.com/apis/api/cloudbuild.googleapis.com/overview?project=colmphello then retry. If you enabled this API recently, wait a few minutes for the action to propagate to our systems and retry.
Traceback (most recent call last):
  File "/Users/colmlang/google-cloud-sdk/lib/googlecloudsdk/calliope/cli.py", line 983, in Execute
    resources = calliope_command.Run(cli=self, args=args)
  File "/Users/colmlang/google-cloud-sdk/lib/googlecloudsdk/calliope/backend.py", line 808, in Run
    resources = command_instance.Run(args)
  File "/Users/colmlang/google-cloud-sdk/lib/surface/app/deploy.py", line 122, in Run
    default_strategy=flex_image_build_option_default))
  File "/Users/colmlang/google-cloud-sdk/lib/googlecloudsdk/command_lib/app/deploy_util.py", line 651, in RunDeploy
    ignore_file=args.ignore_file)
  File "/Users/colmlang/google-cloud-sdk/lib/googlecloudsdk/command_lib/app/deploy_util.py", line 433, in Deploy
    extra_config_settings)
  File "/Users/colmlang/google-cloud-sdk/lib/googlecloudsdk/api_lib/app/appengine_api_client.py", line 208, in DeployService
    poller=done_poller)
  File "/Users/colmlang/google-cloud-sdk/lib/googlecloudsdk/api_lib/app/operations_util.py", line 314, in WaitForOperation
    sleep_ms=retry_interval)
  File "/Users/colmlang/google-cloud-sdk/lib/googlecloudsdk/api_lib/util/waiter.py", line 264, in WaitFor
    sleep_ms, _StatusUpdate)
  File "/Users/colmlang/google-cloud-sdk/lib/googlecloudsdk/api_lib/util/waiter.py", line 326, in PollUntilDone
    sleep_ms=sleep_ms)
  File "/Users/colmlang/google-cloud-sdk/lib/googlecloudsdk/core/util/retry.py", line 229, in RetryOnResult
    if not should_retry(result, state):
  File "/Users/colmlang/google-cloud-sdk/lib/googlecloudsdk/api_lib/util/waiter.py", line 320, in _IsNotDone
    return not poller.IsDone(operation)
  File "/Users/colmlang/google-cloud-sdk/lib/googlecloudsdk/api_lib/app/operations_util.py", line 183, in IsDone
    encoding.MessageToPyValue(operation.error)))
googlecloudsdk.api_lib.app.operations_util.OperationError: Error Response: [7] Access Not Configured. Cloud Build has not been used in project colmphello before or it is disabled. Enable it by visiting https://console.developers.google.com/apis/api/cloudbuild.googleapis.com/overview?project=colmphello then retry. If you enabled this API recently, wait a few minutes for the action to propagate to our systems and retry.
2020-10-14 12:45:20,537 ERROR    root            (gcloud.app.deploy) Error Response: [7] Access Not Configured. Cloud Build has not been used in project colmphello before or it is disabled. Enable it by visiting https://console.developers.google.com/apis/api/cloudbuild.googleapis.com/overview?project=colmphello then retry. If you enabled this API recently, wait a few minutes for the action to propagate to our systems and retry.
