2020-10-14 12:56:50,289 DEBUG    root            Loaded Command Group: ['gcloud', 'app']
2020-10-14 12:56:50,349 DEBUG    root            Loaded Command Group: ['gcloud', 'app', 'deploy']
2020-10-14 12:56:50,352 DEBUG    root            Running [gcloud.app.deploy] with arguments: []
2020-10-14 12:56:50,373 DEBUG    root            Loading runtimes experiment config from [gs://runtime-builders/experiments.yaml]
2020-10-14 12:56:50,389 INFO     root            Reading [<googlecloudsdk.api_lib.storage.storage_util.ObjectReference object at 0x1049279d0>]
2020-10-14 12:56:50,592 DEBUG    root            
Traceback (most recent call last):
  File "/Users/colmlang/google-cloud-sdk/lib/googlecloudsdk/api_lib/storage/storage_api.py", line 301, in ReadObject
    self.client.objects.Get(get_req, download=download)
  File "/Users/colmlang/google-cloud-sdk/lib/googlecloudsdk/third_party/apis/storage/v1/storage_v1_client.py", line 1107, in Get
    download=download)
  File "/Users/colmlang/google-cloud-sdk/lib/third_party/apitools/base/py/base_api.py", line 709, in _RunMethod
    download.InitializeDownload(http_request, client=self.client)
  File "/Users/colmlang/google-cloud-sdk/lib/third_party/apitools/base/py/transfer.py", line 322, in InitializeDownload
    raise exceptions.HttpError.FromResponse(response)
apitools.base.py.exceptions.HttpNotFoundError: HttpError accessing <https://storage.googleapis.com/storage/v1/b/runtime-builders/o/experiments.yaml?alt=media>: response: <{'x-guploader-uploadid': 'ABg5-UwnNfOlnPdg7wRm3qXZmI0eSzlXoIfHz_HpiPr3KfI6Nz0ARsqm2Ou76S2IAMPdB5vgRX_EdZk8Jl9hKyHaJtxmn2IPVg', 'content-type': 'text/html; charset=UTF-8', 'date': 'Wed, 14 Oct 2020 19:56:50 GMT', 'vary': 'Origin, X-Origin', 'expires': 'Wed, 14 Oct 2020 19:56:50 GMT', 'cache-control': 'private, max-age=0', 'content-length': '49', 'server': 'UploadServer', 'alt-svc': 'h3-Q050=":443"; ma=2592000,h3-29=":443"; ma=2592000,h3-27=":443"; ma=2592000,h3-T051=":443"; ma=2592000,h3-T050=":443"; ma=2592000,h3-Q046=":443"; ma=2592000,h3-Q043=":443"; ma=2592000,quic=":443"; ma=2592000; v="46,43"', 'status': '404'}>, content <No such object: runtime-builders/experiments.yaml>

During handling of the above exception, another exception occurred:

Traceback (most recent call last):
  File "/Users/colmlang/google-cloud-sdk/lib/googlecloudsdk/api_lib/app/runtime_builders.py", line 269, in _Read
    with contextlib.closing(storage_client.ReadObject(object_)) as f:
  File "/Users/colmlang/google-cloud-sdk/lib/googlecloudsdk/api_lib/storage/storage_api.py", line 305, in ReadObject
    object_=object_ref, err=http_exc.HttpException(err)))
googlecloudsdk.calliope.exceptions.BadFileException: Could not read [<googlecloudsdk.api_lib.storage.storage_util.ObjectReference object at 0x1049279d0>]. Please retry: HTTPError 404: No such object: runtime-builders/experiments.yaml
2020-10-14 12:56:50,595 DEBUG    root            Experiment config file could not be read. This error is informational, and does not cause a deployment to fail. Reason: Unable to read the runtimes experiment config: [gs://runtime-builders/experiments.yaml], error: Could not read [<googlecloudsdk.api_lib.storage.storage_util.ObjectReference object at 0x1049279d0>]. Please retry: HTTPError 404: No such object: runtime-builders/experiments.yaml
Traceback (most recent call last):
  File "/Users/colmlang/google-cloud-sdk/lib/googlecloudsdk/api_lib/storage/storage_api.py", line 301, in ReadObject
    self.client.objects.Get(get_req, download=download)
  File "/Users/colmlang/google-cloud-sdk/lib/googlecloudsdk/third_party/apis/storage/v1/storage_v1_client.py", line 1107, in Get
    download=download)
  File "/Users/colmlang/google-cloud-sdk/lib/third_party/apitools/base/py/base_api.py", line 709, in _RunMethod
    download.InitializeDownload(http_request, client=self.client)
  File "/Users/colmlang/google-cloud-sdk/lib/third_party/apitools/base/py/transfer.py", line 322, in InitializeDownload
    raise exceptions.HttpError.FromResponse(response)
apitools.base.py.exceptions.HttpNotFoundError: HttpError accessing <https://storage.googleapis.com/storage/v1/b/runtime-builders/o/experiments.yaml?alt=media>: response: <{'x-guploader-uploadid': 'ABg5-UwnNfOlnPdg7wRm3qXZmI0eSzlXoIfHz_HpiPr3KfI6Nz0ARsqm2Ou76S2IAMPdB5vgRX_EdZk8Jl9hKyHaJtxmn2IPVg', 'content-type': 'text/html; charset=UTF-8', 'date': 'Wed, 14 Oct 2020 19:56:50 GMT', 'vary': 'Origin, X-Origin', 'expires': 'Wed, 14 Oct 2020 19:56:50 GMT', 'cache-control': 'private, max-age=0', 'content-length': '49', 'server': 'UploadServer', 'alt-svc': 'h3-Q050=":443"; ma=2592000,h3-29=":443"; ma=2592000,h3-27=":443"; ma=2592000,h3-T051=":443"; ma=2592000,h3-T050=":443"; ma=2592000,h3-Q046=":443"; ma=2592000,h3-Q043=":443"; ma=2592000,quic=":443"; ma=2592000; v="46,43"', 'status': '404'}>, content <No such object: runtime-builders/experiments.yaml>

During handling of the above exception, another exception occurred:

Traceback (most recent call last):
  File "/Users/colmlang/google-cloud-sdk/lib/googlecloudsdk/api_lib/app/runtime_builders.py", line 269, in _Read
    with contextlib.closing(storage_client.ReadObject(object_)) as f:
  File "/Users/colmlang/google-cloud-sdk/lib/googlecloudsdk/api_lib/storage/storage_api.py", line 305, in ReadObject
    object_=object_ref, err=http_exc.HttpException(err)))
googlecloudsdk.calliope.exceptions.BadFileException: Could not read [<googlecloudsdk.api_lib.storage.storage_util.ObjectReference object at 0x1049279d0>]. Please retry: HTTPError 404: No such object: runtime-builders/experiments.yaml

During handling of the above exception, another exception occurred:

Traceback (most recent call last):
  File "/Users/colmlang/google-cloud-sdk/lib/googlecloudsdk/api_lib/app/runtime_builders.py", line 518, in LoadFromURI
    with _Read(uri) as f:
  File "/usr/local/Cellar/python@3.7/3.7.9/Frameworks/Python.framework/Versions/3.7/lib/python3.7/contextlib.py", line 112, in __enter__
    return next(self.gen)
  File "/Users/colmlang/google-cloud-sdk/lib/googlecloudsdk/api_lib/app/runtime_builders.py", line 276, in _Read
    raise FileReadError(six.text_type(e))
googlecloudsdk.api_lib.app.runtime_builders.FileReadError: Could not read [<googlecloudsdk.api_lib.storage.storage_util.ObjectReference object at 0x1049279d0>]. Please retry: HTTPError 404: No such object: runtime-builders/experiments.yaml

During handling of the above exception, another exception occurred:

Traceback (most recent call last):
  File "/Users/colmlang/google-cloud-sdk/lib/surface/app/deploy.py", line 138, in _ServerSideExperimentEnabled
    runtimes_builder_root)
  File "/Users/colmlang/google-cloud-sdk/lib/googlecloudsdk/api_lib/app/runtime_builders.py", line 524, in LoadFromURI
    .format(uri, e))
googlecloudsdk.api_lib.app.runtime_builders.ExperimentsError: Unable to read the runtimes experiment config: [gs://runtime-builders/experiments.yaml], error: Could not read [<googlecloudsdk.api_lib.storage.storage_util.ObjectReference object at 0x1049279d0>]. Please retry: HTTPError 404: No such object: runtime-builders/experiments.yaml
2020-10-14 12:56:50,614 DEBUG    root            API endpoint: [https://appengine.googleapis.com/], API version: [v1]
2020-10-14 12:56:50,626 INFO     oauth2client.client Refreshing access_token
2020-10-14 12:56:51,101 INFO     ___FILE_ONLY___ Services to deploy:


2020-10-14 12:56:51,102 INFO     ___FILE_ONLY___ descriptor:      [/Users/colmlang/helloapi-colmpat/target/appengine-staging/app.yaml]
source:          [/Users/colmlang/helloapi-colmpat/target/appengine-staging]
target project:  [colmpathello]
target service:  [default]
target version:  [20201014t125651]
target url:      [https://colmpathello.wl.r.appspot.com]



2020-10-14 12:56:51,102 DEBUG    root            No bucket specified, retrieving default bucket.
2020-10-14 12:56:51,103 DEBUG    root            Using bucket [gs://staging.colmpathello.appspot.com].
2020-10-14 12:56:51,262 INFO     ___FILE_ONLY___ Beginning deployment of service [default]...

2020-10-14 12:56:51,262 INFO     root            Ignoring file [app.yaml]: File matches ignore regex.
2020-10-14 12:56:51,685 DEBUG    root            Skipping upload of [hello.jsp]
2020-10-14 12:56:51,685 INFO     root            Incremental upload skipped 100.0% of data
2020-10-14 12:56:51,685 DEBUG    root            Skipping upload of [WEB-INF/appengine-web.xml]
2020-10-14 12:56:51,685 INFO     root            Incremental upload skipped 100.0% of data
2020-10-14 12:56:51,685 DEBUG    root            Skipping upload of [WEB-INF/min-quickstart-web.xml]
2020-10-14 12:56:51,685 INFO     root            Incremental upload skipped 100.0% of data
2020-10-14 12:56:51,685 DEBUG    root            Skipping upload of [WEB-INF/quickstart-web.xml]
2020-10-14 12:56:51,685 INFO     root            Incremental upload skipped 100.0% of data
2020-10-14 12:56:51,686 DEBUG    root            Skipping upload of [WEB-INF/web.xml]
2020-10-14 12:56:51,686 INFO     root            Incremental upload skipped 100.0% of data
2020-10-14 12:56:51,686 DEBUG    root            Skipping upload of [WEB-INF/lib/_ah_compiled_jsps-0000.jar]
2020-10-14 12:56:51,686 INFO     root            Incremental upload skipped 100.0% of data
2020-10-14 12:56:51,686 DEBUG    root            Skipping upload of [WEB-INF/lib/appengine-api-1.0-sdk-1.9.69.jar]
2020-10-14 12:56:51,686 INFO     root            Incremental upload skipped 100.0% of data
2020-10-14 12:56:51,686 DEBUG    root            Skipping upload of [WEB-INF/lib/gson-2.7.jar]
2020-10-14 12:56:51,686 INFO     root            Incremental upload skipped 100.0% of data
2020-10-14 12:56:51,686 DEBUG    root            Skipping upload of [WEB-INF/lib/org.apache.taglibs.taglibs-standard-impl-1.2.5.jar]
2020-10-14 12:56:51,686 INFO     root            Incremental upload skipped 100.0% of data
2020-10-14 12:56:51,686 DEBUG    root            Skipping upload of [WEB-INF/lib/org.apache.taglibs.taglibs-standard-spec-1.2.5.jar]
2020-10-14 12:56:51,687 INFO     root            Incremental upload skipped 100.0% of data
2020-10-14 12:56:51,687 DEBUG    root            Skipping upload of [WEB-INF/lib/org.eclipse.jdt.ecj-3.19.0.jar]
2020-10-14 12:56:51,687 INFO     root            Incremental upload skipped 100.0% of data
2020-10-14 12:56:51,687 DEBUG    root            Skipping upload of [WEB-INF/lib/org.eclipse.jetty.apache-jsp-9.4.27.v20200227-nolog.jar]
2020-10-14 12:56:51,687 INFO     root            Incremental upload skipped 100.0% of data
2020-10-14 12:56:51,687 DEBUG    root            Skipping upload of [WEB-INF/lib/org.mortbay.jasper.apache-el-8.5.49.jar]
2020-10-14 12:56:51,687 INFO     root            Incremental upload skipped 100.0% of data
2020-10-14 12:56:51,687 DEBUG    root            Skipping upload of [WEB-INF/lib/org.mortbay.jasper.apache-jsp-8.5.49.jar]
2020-10-14 12:56:51,687 INFO     root            Incremental upload skipped 100.0% of data
2020-10-14 12:56:51,688 DEBUG    root            Skipping upload of [WEB-INF/classes/source-context.json]
2020-10-14 12:56:51,688 INFO     root            Incremental upload skipped 100.0% of data
2020-10-14 12:56:51,688 DEBUG    root            Skipping upload of [WEB-INF/classes/com/example/appengine/java8/AddNumsServlet.class]
2020-10-14 12:56:51,688 INFO     root            Incremental upload skipped 100.0% of data
2020-10-14 12:56:51,688 DEBUG    root            Skipping upload of [WEB-INF/classes/com/example/appengine/java8/HelloServlet.class]
2020-10-14 12:56:51,688 INFO     root            Incremental upload skipped 100.0% of data
2020-10-14 12:56:51,688 DEBUG    root            Skipping upload of [WEB-INF/classes/com/example/appengine/java8/ReturnKeyValueServlet.class]
2020-10-14 12:56:51,688 INFO     root            Incremental upload skipped 100.0% of data
2020-10-14 12:56:51,688 DEBUG    root            Skipping upload of [WEB-INF/classes/com/example/appengine/java8/ReturnListOfObjServlet$Foo.class]
2020-10-14 12:56:51,688 INFO     root            Incremental upload skipped 100.0% of data
2020-10-14 12:56:51,688 DEBUG    root            Skipping upload of [WEB-INF/classes/com/example/appengine/java8/ReturnListOfObjServlet.class]
2020-10-14 12:56:51,688 INFO     root            Incremental upload skipped 100.0% of data
2020-10-14 12:56:51,689 DEBUG    root            Skipping upload of [WEB-INF/classes/com/example/appengine/java8/ReturnListServlet.class]
2020-10-14 12:56:51,689 INFO     root            Incremental upload skipped 100.0% of data
2020-10-14 12:56:51,689 DEBUG    root            Skipping upload of [WEB-INF/appengine-generated/app.yaml]
2020-10-14 12:56:51,689 INFO     root            Incremental upload skipped 100.0% of data
2020-10-14 12:56:51,689 DEBUG    root            Skipping upload of [source-context.json]
2020-10-14 12:56:51,689 INFO     root            Incremental upload skipped 100.0% of data
2020-10-14 12:56:51,689 DEBUG    root            Uploading 0 files to Google Cloud Storage
2020-10-14 12:56:51,689 DEBUG    root            Using [16] threads
2020-10-14 12:56:51,690 INFO     ___FILE_ONLY___ ╔════════════════════════════════════════════════════════════╗

2020-10-14 12:56:51,690 INFO     ___FILE_ONLY___ ╠═ Uploading 0 files to Google Cloud Storage                ═╣

2020-10-14 12:56:51,690 INFO     ___FILE_ONLY___ ╚
2020-10-14 12:56:51,692 INFO     ___FILE_ONLY___ ════════════════════════════════════════════════════════════
2020-10-14 12:56:51,692 INFO     ___FILE_ONLY___ ╝

2020-10-14 12:56:51,693 INFO     ___FILE_ONLY___ File upload done.

2020-10-14 12:56:51,693 INFO     root            Manifest: [{'hello.jsp': {'sourceUrl': 'https://storage.googleapis.com/staging.colmpathello.appspot.com/131ba28b90b1fcc14df9ab6a1df66615aee17594', 'sha1Sum': '131ba28b90b1fcc14df9ab6a1df66615aee17594'}, 'WEB-INF/appengine-web.xml': {'sourceUrl': 'https://storage.googleapis.com/staging.colmpathello.appspot.com/4d7e01fcb704b5e5d5f7a5aa383fab36430b986c', 'sha1Sum': '4d7e01fcb704b5e5d5f7a5aa383fab36430b986c'}, 'WEB-INF/min-quickstart-web.xml': {'sourceUrl': 'https://storage.googleapis.com/staging.colmpathello.appspot.com/96fb95eb8ae1cab61a964e446b541e59f22b0be3', 'sha1Sum': '96fb95eb8ae1cab61a964e446b541e59f22b0be3'}, 'WEB-INF/quickstart-web.xml': {'sourceUrl': 'https://storage.googleapis.com/staging.colmpathello.appspot.com/f3dc2c8605ec56f2de085467a259b4571223a43e', 'sha1Sum': 'f3dc2c8605ec56f2de085467a259b4571223a43e'}, 'WEB-INF/web.xml': {'sourceUrl': 'https://storage.googleapis.com/staging.colmpathello.appspot.com/ca414b5c23feeedd0e3102a00ef52f136893f2e8', 'sha1Sum': 'ca414b5c23feeedd0e3102a00ef52f136893f2e8'}, 'WEB-INF/lib/_ah_compiled_jsps-0000.jar': {'sourceUrl': 'https://storage.googleapis.com/staging.colmpathello.appspot.com/4780aca1e699df973270fe7a920f3fae388d35e6', 'sha1Sum': '4780aca1e699df973270fe7a920f3fae388d35e6'}, 'WEB-INF/lib/appengine-api-1.0-sdk-1.9.69.jar': {'sourceUrl': 'https://storage.googleapis.com/staging.colmpathello.appspot.com/ea55839ee0a4ed134c9412f9b767cb46c59bc8f8', 'sha1Sum': 'ea55839ee0a4ed134c9412f9b767cb46c59bc8f8'}, 'WEB-INF/lib/gson-2.7.jar': {'sourceUrl': 'https://storage.googleapis.com/staging.colmpathello.appspot.com/751f548c85fa49f330cecbb1875893f971b33c4e', 'sha1Sum': '751f548c85fa49f330cecbb1875893f971b33c4e'}, 'WEB-INF/lib/org.apache.taglibs.taglibs-standard-impl-1.2.5.jar': {'sourceUrl': 'https://storage.googleapis.com/staging.colmpathello.appspot.com/9b9783ccb2a323383e6e20e36d368f8997b71967', 'sha1Sum': '9b9783ccb2a323383e6e20e36d368f8997b71967'}, 'WEB-INF/lib/org.apache.taglibs.taglibs-standard-spec-1.2.5.jar': {'sourceUrl': 'https://storage.googleapis.com/staging.colmpathello.appspot.com/c3bb98c30f75fef1e229d1d03cf8457de22f1ba0', 'sha1Sum': 'c3bb98c30f75fef1e229d1d03cf8457de22f1ba0'}, 'WEB-INF/lib/org.eclipse.jdt.ecj-3.19.0.jar': {'sourceUrl': 'https://storage.googleapis.com/staging.colmpathello.appspot.com/99ccdf7b2a75afb720270ab888bb21d6159ee631', 'sha1Sum': '99ccdf7b2a75afb720270ab888bb21d6159ee631'}, 'WEB-INF/lib/org.eclipse.jetty.apache-jsp-9.4.27.v20200227-nolog.jar': {'sourceUrl': 'https://storage.googleapis.com/staging.colmpathello.appspot.com/ca022b3c1e110c59ac0ba43d1ea93d0dbb9c0c76', 'sha1Sum': 'ca022b3c1e110c59ac0ba43d1ea93d0dbb9c0c76'}, 'WEB-INF/lib/org.mortbay.jasper.apache-el-8.5.49.jar': {'sourceUrl': 'https://storage.googleapis.com/staging.colmpathello.appspot.com/d2550406481e61df12fddb51c3a92922e78fbaa4', 'sha1Sum': 'd2550406481e61df12fddb51c3a92922e78fbaa4'}, 'WEB-INF/lib/org.mortbay.jasper.apache-jsp-8.5.49.jar': {'sourceUrl': 'https://storage.googleapis.com/staging.colmpathello.appspot.com/f7df00a600ed147b7c8a7bdcc8cc4ffab203e5f2', 'sha1Sum': 'f7df00a600ed147b7c8a7bdcc8cc4ffab203e5f2'}, 'WEB-INF/classes/source-context.json': {'sourceUrl': 'https://storage.googleapis.com/staging.colmpathello.appspot.com/399ab021f33f9df40857154f730476469c266096', 'sha1Sum': '399ab021f33f9df40857154f730476469c266096'}, 'WEB-INF/classes/com/example/appengine/java8/AddNumsServlet.class': {'sourceUrl': 'https://storage.googleapis.com/staging.colmpathello.appspot.com/fd749d940377c06a580ddca008247fd1f526e294', 'sha1Sum': 'fd749d940377c06a580ddca008247fd1f526e294'}, 'WEB-INF/classes/com/example/appengine/java8/HelloServlet.class': {'sourceUrl': 'https://storage.googleapis.com/staging.colmpathello.appspot.com/96040c3f107efa7de0813c46f4c91f079d0f5f86', 'sha1Sum': '96040c3f107efa7de0813c46f4c91f079d0f5f86'}, 'WEB-INF/classes/com/example/appengine/java8/ReturnKeyValueServlet.class': {'sourceUrl': 'https://storage.googleapis.com/staging.colmpathello.appspot.com/4070ec67216755c5247c258eab13e2d49f98d876', 'sha1Sum': '4070ec67216755c5247c258eab13e2d49f98d876'}, 'WEB-INF/classes/com/example/appengine/java8/ReturnListOfObjServlet$Foo.class': {'sourceUrl': 'https://storage.googleapis.com/staging.colmpathello.appspot.com/bef84ee2fdc55897a7fc7b9a5bd3d6873a4ec408', 'sha1Sum': 'bef84ee2fdc55897a7fc7b9a5bd3d6873a4ec408'}, 'WEB-INF/classes/com/example/appengine/java8/ReturnListOfObjServlet.class': {'sourceUrl': 'https://storage.googleapis.com/staging.colmpathello.appspot.com/7e27da508c55a17cc061ad73c621a0ed698df914', 'sha1Sum': '7e27da508c55a17cc061ad73c621a0ed698df914'}, 'WEB-INF/classes/com/example/appengine/java8/ReturnListServlet.class': {'sourceUrl': 'https://storage.googleapis.com/staging.colmpathello.appspot.com/490af39fd8713ca3a9dc8244e9215ce3fbb447d1', 'sha1Sum': '490af39fd8713ca3a9dc8244e9215ce3fbb447d1'}, 'WEB-INF/appengine-generated/app.yaml': {'sourceUrl': 'https://storage.googleapis.com/staging.colmpathello.appspot.com/9692b2769ec0489ea7b8c495d4c3d1ec0e332cc5', 'sha1Sum': '9692b2769ec0489ea7b8c495d4c3d1ec0e332cc5'}, 'source-context.json': {'sourceUrl': 'https://storage.googleapis.com/staging.colmpathello.appspot.com/435bfebfe3eba45997ce8d5e1690aaa613790a41', 'sha1Sum': '435bfebfe3eba45997ce8d5e1690aaa613790a41'}}]
2020-10-14 12:56:51,694 DEBUG    root            Converted YAML to JSON: "{
  "betaSettings": {
    "auto_id_policy": "default"
  },
  "entrypoint": {
    "shell": ""
  },
  "handlers": [
    {
      "script": {
        "scriptPath": "unused"
      },
      "securityLevel": "SECURE_OPTIONAL",
      "urlRegex": "/.*"
    }
  ],
  "inboundServices": [
    "INBOUND_SERVICE_WARMUP"
  ],
  "runtime": "java8",
  "runtimeApiVersion": "user_defined",
  "threadsafe": true
}"
2020-10-14 12:56:52,277 DEBUG    root            Operation [apps/colmpathello/operations/ab447aef-c2f6-44f5-afe2-d46ef08239cb] not complete. Waiting to retry.
2020-10-14 12:56:52,278 INFO     ___FILE_ONLY___ Updating service [default]...
2020-10-14 12:56:53,471 DEBUG    root            Operation [apps/colmpathello/operations/ab447aef-c2f6-44f5-afe2-d46ef08239cb] not complete. Waiting to retry.
2020-10-14 12:56:59,072 DEBUG    root            Operation [apps/colmpathello/operations/ab447aef-c2f6-44f5-afe2-d46ef08239cb] not complete. Waiting to retry.
2020-10-14 12:57:05,137 DEBUG    root            Operation [apps/colmpathello/operations/ab447aef-c2f6-44f5-afe2-d46ef08239cb] not complete. Waiting to retry.
2020-10-14 12:57:10,500 DEBUG    root            Operation [apps/colmpathello/operations/ab447aef-c2f6-44f5-afe2-d46ef08239cb] not complete. Waiting to retry.
2020-10-14 12:57:16,131 DEBUG    root            Operation [apps/colmpathello/operations/ab447aef-c2f6-44f5-afe2-d46ef08239cb] not complete. Waiting to retry.
2020-10-14 12:57:21,383 DEBUG    root            Operation [apps/colmpathello/operations/ab447aef-c2f6-44f5-afe2-d46ef08239cb] not complete. Waiting to retry.
2020-10-14 12:57:27,244 DEBUG    root            Operation [apps/colmpathello/operations/ab447aef-c2f6-44f5-afe2-d46ef08239cb] not complete. Waiting to retry.
2020-10-14 12:57:32,708 DEBUG    root            Operation [apps/colmpathello/operations/ab447aef-c2f6-44f5-afe2-d46ef08239cb] not complete. Waiting to retry.
2020-10-14 12:57:38,779 DEBUG    root            Operation [apps/colmpathello/operations/ab447aef-c2f6-44f5-afe2-d46ef08239cb] not complete. Waiting to retry.
2020-10-14 12:57:44,160 DEBUG    root            Operation [apps/colmpathello/operations/ab447aef-c2f6-44f5-afe2-d46ef08239cb] not complete. Waiting to retry.
2020-10-14 12:57:50,096 DEBUG    root            Operation [apps/colmpathello/operations/ab447aef-c2f6-44f5-afe2-d46ef08239cb] not complete. Waiting to retry.
2020-10-14 12:57:55,448 DEBUG    root            Operation [apps/colmpathello/operations/ab447aef-c2f6-44f5-afe2-d46ef08239cb] complete. Result: {
    "done": true,
    "metadata": {
        "@type": "type.googleapis.com/google.appengine.v1.OperationMetadataV1",
        "endTime": "2020-10-14T19:57:53.128Z",
        "insertTime": "2020-10-14T19:56:52.223Z",
        "method": "google.appengine.v1.Versions.CreateVersion",
        "target": "apps/colmpathello/services/default/versions/20201014t125651",
        "user": "colmplang@gmail.com"
    },
    "name": "apps/colmpathello/operations/ab447aef-c2f6-44f5-afe2-d46ef08239cb",
    "response": {
        "@type": "type.googleapis.com/google.appengine.v1.Version",
        "createTime": "2020-10-14T19:57:46Z",
        "env": "standard",
        "id": "20201014t125651",
        "inboundServices": [
            "INBOUND_SERVICE_WARMUP"
        ],
        "instanceClass": "F1",
        "name": "apps/colmpathello/services/default/versions/20201014t125651",
        "network": {},
        "runtime": "java8",
        "runtimeApiVersion": "user_defined",
        "servingStatus": "SERVING",
        "threadsafe": true,
        "versionUrl": "https://20201014t125651-dot-colmpathello.appspot.com"
    }
}
2020-10-14 12:57:56,111 DEBUG    root            Operation [apps/colmpathello/operations/5ac9241a-9227-457a-8138-d8ad734e7846] not complete. Waiting to retry.
2020-10-14 12:57:56,112 INFO     ___FILE_ONLY___ Setting traffic split for service [default]...
2020-10-14 12:57:57,280 DEBUG    root            Operation [apps/colmpathello/operations/5ac9241a-9227-457a-8138-d8ad734e7846] not complete. Waiting to retry.
2020-10-14 12:58:03,101 DEBUG    root            Operation [apps/colmpathello/operations/5ac9241a-9227-457a-8138-d8ad734e7846] complete. Result: {
    "done": true,
    "metadata": {
        "@type": "type.googleapis.com/google.appengine.v1.OperationMetadataV1",
        "endTime": "2020-10-14T19:57:57.125Z",
        "insertTime": "2020-10-14T19:57:56.059Z",
        "method": "google.appengine.v1.Services.UpdateService",
        "target": "apps/colmpathello/services/default",
        "user": "colmplang@gmail.com"
    },
    "name": "apps/colmpathello/operations/5ac9241a-9227-457a-8138-d8ad734e7846",
    "response": {
        "@type": "type.googleapis.com/google.appengine.v1.Service",
        "id": "default",
        "name": "apps/colmpathello/services/default",
        "split": {
            "allocations": {
                "20201014t125651": 1
            }
        }
    }
}
2020-10-14 12:58:03,210 INFO     ___FILE_ONLY___ Deployed service [default] to [https://colmpathello.wl.r.appspot.com]

2020-10-14 12:58:03,211 INFO     ___FILE_ONLY___ 
You can stream logs from the command line by running:
  $ gcloud app logs tail -s default

2020-10-14 12:58:03,211 INFO     ___FILE_ONLY___ 
To view your application in the web browser run:
  $ gcloud app browse

2020-10-14 12:58:03,211 INFO     root            Display format: "none"
